[debug] [2025-08-05T00:43:06.525Z] ----------------------------------------------------------------------
[debug] [2025-08-05T00:43:06.528Z] Command:       C:\Program Files\nodejs\node.exe C:\Users\Usuario\AppData\Roaming\npm\node_modules\firebase-tools\lib\bin\firebase.js deploy --only functions
[debug] [2025-08-05T00:43:06.528Z] CLI Version:   14.11.1
[debug] [2025-08-05T00:43:06.528Z] Platform:      win32
[debug] [2025-08-05T00:43:06.528Z] Node Version:  v22.17.0
[debug] [2025-08-05T00:43:06.529Z] Time:          Mon Aug 04 2025 21:43:06 GMT-0300 (Horário Padrão de Brasília)
[debug] [2025-08-05T00:43:06.529Z] ----------------------------------------------------------------------
[debug] 
[debug] [2025-08-05T00:43:06.695Z] > command requires scopes: ["email","openid","https://www.googleapis.com/auth/cloudplatformprojects.readonly","https://www.googleapis.com/auth/firebase","https://www.googleapis.com/auth/cloud-platform"]
[debug] [2025-08-05T00:43:06.696Z] > authorizing via signed-in user (ferrarettomarketing@gmail.com)
[debug] [2025-08-05T00:43:06.696Z] [iam] checking project matheus-35023 for permissions ["cloudfunctions.functions.create","cloudfunctions.functions.delete","cloudfunctions.functions.get","cloudfunctions.functions.list","cloudfunctions.functions.update","cloudfunctions.operations.get","firebase.projects.get"]
[debug] [2025-08-05T00:43:06.697Z] Checked if tokens are valid: true, expires at: 1754355722318
[debug] [2025-08-05T00:43:06.697Z] Checked if tokens are valid: true, expires at: 1754355722318
[debug] [2025-08-05T00:43:06.698Z] >>> [apiv2][query] POST https://cloudresourcemanager.googleapis.com/v1/projects/matheus-35023:testIamPermissions [none]
[debug] [2025-08-05T00:43:06.698Z] >>> [apiv2][(partial)header] POST https://cloudresourcemanager.googleapis.com/v1/projects/matheus-35023:testIamPermissions x-goog-quota-user=projects/matheus-35023
[debug] [2025-08-05T00:43:06.698Z] >>> [apiv2][body] POST https://cloudresourcemanager.googleapis.com/v1/projects/matheus-35023:testIamPermissions {"permissions":["cloudfunctions.functions.create","cloudfunctions.functions.delete","cloudfunctions.functions.get","cloudfunctions.functions.list","cloudfunctions.functions.update","cloudfunctions.operations.get","firebase.projects.get"]}
[debug] [2025-08-05T00:43:07.618Z] <<< [apiv2][status] POST https://cloudresourcemanager.googleapis.com/v1/projects/matheus-35023:testIamPermissions 200
[debug] [2025-08-05T00:43:07.618Z] <<< [apiv2][body] POST https://cloudresourcemanager.googleapis.com/v1/projects/matheus-35023:testIamPermissions {"permissions":["cloudfunctions.functions.create","cloudfunctions.functions.delete","cloudfunctions.functions.get","cloudfunctions.functions.list","cloudfunctions.functions.update","cloudfunctions.operations.get","firebase.projects.get"]}
[debug] [2025-08-05T00:43:07.618Z] Checked if tokens are valid: true, expires at: 1754355722318
[debug] [2025-08-05T00:43:07.618Z] Checked if tokens are valid: true, expires at: 1754355722318
[debug] [2025-08-05T00:43:07.618Z] >>> [apiv2][query] POST https://iam.googleapis.com/v1/projects/matheus-35023/serviceAccounts/matheus-35023@appspot.gserviceaccount.com:testIamPermissions [none]
[debug] [2025-08-05T00:43:07.618Z] >>> [apiv2][body] POST https://iam.googleapis.com/v1/projects/matheus-35023/serviceAccounts/matheus-35023@appspot.gserviceaccount.com:testIamPermissions {"permissions":["iam.serviceAccounts.actAs"]}
[debug] [2025-08-05T00:43:08.484Z] <<< [apiv2][status] POST https://iam.googleapis.com/v1/projects/matheus-35023/serviceAccounts/matheus-35023@appspot.gserviceaccount.com:testIamPermissions 200
[debug] [2025-08-05T00:43:08.485Z] <<< [apiv2][body] POST https://iam.googleapis.com/v1/projects/matheus-35023/serviceAccounts/matheus-35023@appspot.gserviceaccount.com:testIamPermissions {"permissions":["iam.serviceAccounts.actAs"]}
[info] 
[info] === Deploying to 'matheus-35023'...
[info] 
[info] i  deploying functions 
[debug] [2025-08-05T00:43:08.492Z] Checked if tokens are valid: true, expires at: 1754355722318
[debug] [2025-08-05T00:43:08.492Z] Checked if tokens are valid: true, expires at: 1754355722318
[debug] [2025-08-05T00:43:08.492Z] >>> [apiv2][query] GET https://cloudresourcemanager.googleapis.com/v1/projects/matheus-35023 [none]
[debug] [2025-08-05T00:43:08.718Z] <<< [apiv2][status] GET https://cloudresourcemanager.googleapis.com/v1/projects/matheus-35023 200
[debug] [2025-08-05T00:43:08.718Z] <<< [apiv2][body] GET https://cloudresourcemanager.googleapis.com/v1/projects/matheus-35023 {"projectNumber":"1011113149395","projectId":"matheus-35023","lifecycleState":"ACTIVE","name":"MATHEUS","labels":{"firebase":"enabled","firebase-core":"disabled"},"createTime":"2025-07-19T14:48:56.415066Z"}
[info] i  functions: preparing codebase default for deployment 
[info] i  functions: ensuring required API cloudfunctions.googleapis.com is enabled... 
[info] i  functions: ensuring required API cloudbuild.googleapis.com is enabled... 
[info] i  artifactregistry: ensuring required API artifactregistry.googleapis.com is enabled... 
[debug] [2025-08-05T00:43:08.725Z] Checked if tokens are valid: true, expires at: 1754355722318
[debug] [2025-08-05T00:43:08.725Z] Checked if tokens are valid: true, expires at: 1754355722318
[debug] [2025-08-05T00:43:08.726Z] >>> [apiv2][query] GET https://firebase.googleapis.com/v1beta1/projects/matheus-35023/adminSdkConfig [none]
[debug] [2025-08-05T00:43:09.149Z] <<< [apiv2][status] GET https://firebase.googleapis.com/v1beta1/projects/matheus-35023/adminSdkConfig 200
[debug] [2025-08-05T00:43:09.149Z] <<< [apiv2][body] GET https://firebase.googleapis.com/v1beta1/projects/matheus-35023/adminSdkConfig {"projectId":"matheus-35023","storageBucket":"matheus-35023.firebasestorage.app"}
[debug] [2025-08-05T00:43:09.150Z] Checked if tokens are valid: true, expires at: 1754355722318
[debug] [2025-08-05T00:43:09.151Z] Checked if tokens are valid: true, expires at: 1754355722318
[debug] [2025-08-05T00:43:09.151Z] >>> [apiv2][query] GET https://runtimeconfig.googleapis.com/v1beta1/projects/matheus-35023/configs [none]
[debug] [2025-08-05T00:43:10.365Z] <<< [apiv2][status] GET https://runtimeconfig.googleapis.com/v1beta1/projects/matheus-35023/configs 200
[debug] [2025-08-05T00:43:10.365Z] <<< [apiv2][body] GET https://runtimeconfig.googleapis.com/v1beta1/projects/matheus-35023/configs {"configs":[{"name":"projects/matheus-35023/configs/deepseek"}]}
[debug] [2025-08-05T00:43:10.365Z] Checked if tokens are valid: true, expires at: 1754355722318
[debug] [2025-08-05T00:43:10.366Z] Checked if tokens are valid: true, expires at: 1754355722318
[debug] [2025-08-05T00:43:10.366Z] >>> [apiv2][query] GET https://runtimeconfig.googleapis.com/v1beta1/projects/matheus-35023/configs/deepseek/variables [none]
[debug] [2025-08-05T00:43:11.336Z] <<< [apiv2][status] GET https://runtimeconfig.googleapis.com/v1beta1/projects/matheus-35023/configs/deepseek/variables 200
[debug] [2025-08-05T00:43:11.336Z] <<< [apiv2][body] GET https://runtimeconfig.googleapis.com/v1beta1/projects/matheus-35023/configs/deepseek/variables {"variables":[{"name":"projects/matheus-35023/configs/deepseek/variables/key","updateTime":"2025-08-04T23:41:35.293920956Z"}]}
[debug] [2025-08-05T00:43:11.337Z] Checked if tokens are valid: true, expires at: 1754355722318
[debug] [2025-08-05T00:43:11.337Z] Checked if tokens are valid: true, expires at: 1754355722318
[debug] [2025-08-05T00:43:11.337Z] >>> [apiv2][query] GET https://runtimeconfig.googleapis.com/v1beta1/projects/matheus-35023/configs/deepseek/variables/key [none]
[debug] [2025-08-05T00:43:12.281Z] <<< [apiv2][status] GET https://runtimeconfig.googleapis.com/v1beta1/projects/matheus-35023/configs/deepseek/variables/key 200
[debug] [2025-08-05T00:43:12.282Z] <<< [apiv2][body] GET https://runtimeconfig.googleapis.com/v1beta1/projects/matheus-35023/configs/deepseek/variables/key {"name":"projects/matheus-35023/configs/deepseek/variables/key","updateTime":"2025-08-04T23:41:35.293920956Z","text":"sk-2ada97f70b3b4ef89efc228801335b93"}
[debug] [2025-08-05T00:43:12.285Z] Validating nodejs source
[warn] !  functions: Runtime Node.js 18 was deprecated on 2025-04-30 and will be decommissioned on 2025-10-30, after which you will not be able to deploy without upgrading. Consider upgrading now to avoid disruption. See https://cloud.google.com/functions/docs/runtime-support for full details on the lifecycle policy 
[warn] !  functions: package.json indicates an outdated version of firebase-functions. Please upgrade using npm install --save firebase-functions@latest in your functions directory. 
[warn] !  functions: Please note that there will be breaking changes when you upgrade. 
[debug] [2025-08-05T00:43:13.183Z] > [functions] package.json contents: {
  "name": "functions",
  "description": "Cloud Functions for Firebase",
  "type": "module",
  "scripts": {
    "serve": "firebase emulators:start --only functions",
    "shell": "firebase functions:shell",
    "start": "npm run shell",
    "deploy": "firebase deploy --only functions",
    "logs": "firebase functions:log"
  },
  "engines": {
    "node": "18"
  },
  "main": "index.js",
  "dependencies": {
    "axios": "^1.10.0",
    "cors": "^2.8.5",
    "dotenv": "^17.2.1",
    "firebase-admin": "^12.6.0",
    "firebase-functions": "^6.0.1"
  },
  "devDependencies": {
    "firebase-functions-test": "^3.1.0"
  },
  "private": true
}
[debug] [2025-08-05T00:43:13.183Z] Building nodejs source
[info] i  functions: Loading and analyzing source code for codebase default to determine what to deploy 
[info] i  functions: You are using a version of firebase-functions SDK (4.9.0) that does not have support for the newest Firebase Extensions features. Please update firebase-functions SDK to >=5.1.0 to use them correctly 
[debug] [2025-08-05T00:43:13.190Z] Could not find functions.yaml. Must use http discovery
[debug] [2025-08-05T00:43:13.194Z] Found firebase-functions binary at 'C:\Users\Usuario\deepseek-functions\functions\node_modules\.bin\firebase-functions'
[info] Serving at port 8554

[debug] [2025-08-05T00:43:13.671Z] Got response from /__/functions.yaml {"endpoints":{"proxyDeepSeek":{"availableMemoryMb":null,"timeoutSeconds":null,"minInstances":null,"maxInstances":null,"ingressSettings":null,"concurrency":null,"serviceAccountEmail":null,"vpc":null,"platform":"gcfv2","region":["us-central1"],"secretEnvironmentVariables":[{"key":"DEEPSEEK_API_KEY"}],"labels":{},"httpsTrigger":{},"entryPoint":"proxyDeepSeek"}},"specVersion":"v1alpha1","requiredAPIs":[],"params":[{"type":"secret","name":"DEEPSEEK_API_KEY"}]}
[debug] [2025-08-05T00:43:17.716Z] Checked if tokens are valid: true, expires at: 1754355722318
[debug] [2025-08-05T00:43:17.716Z] Checked if tokens are valid: true, expires at: 1754355722318
[debug] [2025-08-05T00:43:17.716Z] >>> [apiv2][query] GET https://secretmanager.googleapis.com/v1/projects/matheus-35023/secrets/DEEPSEEK_API_KEY [none]
[debug] [2025-08-05T00:43:18.053Z] <<< [apiv2][status] GET https://secretmanager.googleapis.com/v1/projects/matheus-35023/secrets/DEEPSEEK_API_KEY 200
[debug] [2025-08-05T00:43:18.054Z] <<< [apiv2][body] GET https://secretmanager.googleapis.com/v1/projects/matheus-35023/secrets/DEEPSEEK_API_KEY {"name":"projects/1011113149395/secrets/DEEPSEEK_API_KEY","replication":{"automatic":{}},"createTime":"2025-08-05T00:02:17.994441Z","labels":{"firebase-managed":"functions"},"etag":"\"163b92f012ffde\""}
[debug] [2025-08-05T00:43:18.054Z] Checked if tokens are valid: true, expires at: 1754355722318
[debug] [2025-08-05T00:43:18.055Z] Checked if tokens are valid: true, expires at: 1754355722318
[debug] [2025-08-05T00:43:18.055Z] >>> [apiv2][query] GET https://secretmanager.googleapis.com/v1/projects/matheus-35023/secrets/DEEPSEEK_API_KEY/versions/latest [none]
[debug] [2025-08-05T00:43:18.238Z] <<< [apiv2][status] GET https://secretmanager.googleapis.com/v1/projects/matheus-35023/secrets/DEEPSEEK_API_KEY/versions/latest 200
[debug] [2025-08-05T00:43:18.238Z] <<< [apiv2][body] GET https://secretmanager.googleapis.com/v1/projects/matheus-35023/secrets/DEEPSEEK_API_KEY/versions/latest {"name":"projects/1011113149395/secrets/DEEPSEEK_API_KEY/versions/3","createTime":"2025-08-05T00:42:42.793399Z","state":"ENABLED","replicationStatus":{"automatic":{}},"etag":"\"163b9380867fb7\""}
[info] i  functions: preparing functions directory for uploading... 
[info] i  functions: packaged C:\Users\Usuario\deepseek-functions\functions (31.21 KB) for uploading 
[debug] [2025-08-05T00:43:18.285Z] Checked if tokens are valid: true, expires at: 1754355722318
[debug] [2025-08-05T00:43:18.285Z] Checked if tokens are valid: true, expires at: 1754355722318
[debug] [2025-08-05T00:43:18.286Z] >>> [apiv2][query] GET https://cloudfunctions.googleapis.com/v1/projects/matheus-35023/locations/-/functions [none]
[debug] [2025-08-05T00:43:19.396Z] <<< [apiv2][status] GET https://cloudfunctions.googleapis.com/v1/projects/matheus-35023/locations/-/functions 200
[debug] [2025-08-05T00:43:19.396Z] <<< [apiv2][body] GET https://cloudfunctions.googleapis.com/v1/projects/matheus-35023/locations/-/functions {}
[debug] [2025-08-05T00:43:19.397Z] Checked if tokens are valid: true, expires at: 1754355722318
[debug] [2025-08-05T00:43:19.397Z] Checked if tokens are valid: true, expires at: 1754355722318
[debug] [2025-08-05T00:43:19.398Z] >>> [apiv2][query] GET https://cloudfunctions.googleapis.com/v2/projects/matheus-35023/locations/-/functions filter=environment%3D%22GEN_2%22
[debug] [2025-08-05T00:43:20.742Z] <<< [apiv2][status] GET https://cloudfunctions.googleapis.com/v2/projects/matheus-35023/locations/-/functions 200
[debug] [2025-08-05T00:43:20.742Z] <<< [apiv2][body] GET https://cloudfunctions.googleapis.com/v2/projects/matheus-35023/locations/-/functions {"functions":[{"name":"projects/matheus-35023/locations/us-central1/functions/proxyDeepSeek","buildConfig":{"build":"projects/1011113149395/locations/us-central1/builds/f8bb59a3-ae62-46ad-b846-da5bfa28428c","runtime":"nodejs18","entryPoint":"proxyDeepSeek","source":{"storageSource":{"bucket":"gcf-v2-sources-1011113149395-us-central1","object":"proxyDeepSeek/function-source.zip","generation":"1754351766533617"}},"environmentVariables":{"GOOGLE_NODE_RUN_SCRIPTS":""},"dockerRepository":"projects/matheus-35023/locations/us-central1/repositories/gcf-artifacts","sourceProvenance":{"resolvedStorageSource":{"bucket":"gcf-v2-sources-1011113149395-us-central1","object":"proxyDeepSeek/function-source.zip","generation":"1754351766533617"}},"dockerRegistry":"ARTIFACT_REGISTRY","serviceAccount":"projects/matheus-35023/serviceAccounts/1011113149395-compute@developer.gserviceaccount.com","automaticUpdatePolicy":{}},"serviceConfig":{"service":"projects/matheus-35023/locations/us-central1/services/proxydeepseek","timeoutSeconds":60,"environmentVariables":{"FIREBASE_CONFIG":"{\"projectId\":\"matheus-35023\",\"storageBucket\":\"matheus-35023.firebasestorage.app\"}","GCLOUD_PROJECT":"matheus-35023","EVENTARC_CLOUD_EVENT_SOURCE":"projects/matheus-35023/locations/us-central1/services/proxyDeepSeek","FUNCTION_TARGET":"proxyDeepSeek","LOG_EXECUTION_ID":"true","FUNCTION_SIGNATURE_TYPE":"http"},"maxInstanceCount":20,"ingressSettings":"ALLOW_ALL","uri":"https://proxydeepseek-g6u4niudyq-uc.a.run.app","serviceAccountEmail":"1011113149395-compute@developer.gserviceaccount.com","availableMemory":"256Mi","allTrafficOnLatestRevision":true,"revision":"proxydeepseek-00017-zeh","maxInstanceRequestConcurrency":80,"availableCpu":"1"},"state":"ACTIVE","updateTime":"2025-08-04T23:57:16.479198672Z","labels":{"deployment-tool":"cli-firebase","firebase-functions-hash":"6d60257da7eb8d03108b3aaf285a8903799d4936"},"environment":"GEN_2","url":"https://us-central1-matheus-35023.cloudfunctions.net/proxyDeepSeek","createTime":"2025-07-22T23:17:08.702106963Z","satisfiesPzi":true},{"name":"projects/matheus-35023/locations/us-central1/functions/proxyShopeeSearch","buildConfig":{"build":"projects/1011113149395/locations/us-central1/builds/8c95c16d-7d83-42a0-a3bd-a709dad566e1","runtime":"nodejs18","entryPoint":"proxyShopeeSearch","source":{"storageSource":{"bucket":"gcf-v2-sources-1011113149395-us-central1","object":"proxyShopeeSearch/function-source.zip","generation":"1753916554151374"}},"environmentVariables":{"GOOGLE_NODE_RUN_SCRIPTS":""},"dockerRepository":"projects/matheus-35023/locations/us-central1/repositories/gcf-artifacts","sourceProvenance":{"resolvedStorageSource":{"bucket":"gcf-v2-sources-1011113149395-us-central1","object":"proxyShopeeSearch/function-source.zip","generation":"1753916554151374"}},"dockerRegistry":"ARTIFACT_REGISTRY","serviceAccount":"projects/matheus-35023/serviceAccounts/1011113149395-compute@developer.gserviceaccount.com","automaticUpdatePolicy":{}},"serviceConfig":{"service":"projects/matheus-35023/locations/us-central1/services/proxyshopeesearch","timeoutSeconds":60,"environmentVariables":{"FIREBASE_CONFIG":"{\"projectId\":\"matheus-35023\",\"storageBucket\":\"matheus-35023.firebasestorage.app\"}","GCLOUD_PROJECT":"matheus-35023","EVENTARC_CLOUD_EVENT_SOURCE":"projects/matheus-35023/locations/us-central1/services/proxyShopeeSearch","FUNCTION_TARGET":"proxyShopeeSearch","LOG_EXECUTION_ID":"true"},"maxInstanceCount":20,"ingressSettings":"ALLOW_ALL","uri":"https://proxyshopeesearch-g6u4niudyq-uc.a.run.app","serviceAccountEmail":"1011113149395-compute@developer.gserviceaccount.com","availableMemory":"256Mi","allTrafficOnLatestRevision":true,"revision":"proxyshopeesearch-00008-cug","maxInstanceRequestConcurrency":80,"availableCpu":"1"},"state":"ACTIVE","updateTime":"2025-07-30T23:03:41.105683929Z","labels":{"firebase-functions-hash":"011d1d9501350598771d08c12fd2a243749f15c7","deployment-tool":"cli-firebase"},"environment":"GEN_2","url":"https://us-central1-matheus-35023.cloudfunctions.net/proxyShopeeSearch","createTime":"2025-07-29T01:38:49.419295010Z","satisfiesPzi":true},{"name":"projects/matheus-35023/locations/us-central1/functions/proxyBling","buildConfig":{"build":"projects/1011113149395/locations/us-central1/builds/3b39c272-fe5b-402a-9ad4-54c3fe08f9fa","runtime":"nodejs18","entryPoint":"proxyBling","source":{"storageSource":{"bucket":"gcf-v2-sources-1011113149395-us-central1","object":"proxyBling/function-source.zip","generation":"1753918968857439"}},"environmentVariables":{"GOOGLE_NODE_RUN_SCRIPTS":""},"dockerRepository":"projects/matheus-35023/locations/us-central1/repositories/gcf-artifacts","sourceProvenance":{"resolvedStorageSource":{"bucket":"gcf-v2-sources-1011113149395-us-central1","object":"proxyBling/function-source.zip","generation":"1753918968857439"}},"dockerRegistry":"ARTIFACT_REGISTRY","serviceAccount":"projects/matheus-35023/serviceAccounts/1011113149395-compute@developer.gserviceaccount.com","automaticUpdatePolicy":{}},"serviceConfig":{"service":"projects/matheus-35023/locations/us-central1/services/proxybling","timeoutSeconds":60,"environmentVariables":{"FIREBASE_CONFIG":"{\"projectId\":\"matheus-35023\",\"storageBucket\":\"matheus-35023.firebasestorage.app\"}","GCLOUD_PROJECT":"matheus-35023","EVENTARC_CLOUD_EVENT_SOURCE":"projects/matheus-35023/locations/us-central1/services/proxyBling","FUNCTION_TARGET":"proxyBling","LOG_EXECUTION_ID":"true","FUNCTION_SIGNATURE_TYPE":"http"},"maxInstanceCount":20,"ingressSettings":"ALLOW_ALL","uri":"https://proxybling-g6u4niudyq-uc.a.run.app","serviceAccountEmail":"1011113149395-compute@developer.gserviceaccount.com","availableMemory":"256Mi","allTrafficOnLatestRevision":true,"revision":"proxybling-00009-rez","maxInstanceRequestConcurrency":80,"availableCpu":"1"},"state":"ACTIVE","updateTime":"2025-07-30T23:43:32.623552352Z","labels":{"deployment-tool":"cli-firebase","firebase-functions-hash":"4904a6c768459eb588e6a2479ad0f3c67d0b5be1"},"environment":"GEN_2","url":"https://us-central1-matheus-35023.cloudfunctions.net/proxyBling","createTime":"2025-07-30T22:12:51.171039726Z","satisfiesPzi":true}]}
[info] i  functions: ensuring required API run.googleapis.com is enabled... 
[info] i  functions: ensuring required API eventarc.googleapis.com is enabled... 
[info] i  functions: ensuring required API pubsub.googleapis.com is enabled... 
[info] i  functions: ensuring required API storage.googleapis.com is enabled... 
[info] i  functions: generating the service identity for pubsub.googleapis.com... 
[debug] [2025-08-05T00:43:20.750Z] Checked if tokens are valid: true, expires at: 1754355722318
[debug] [2025-08-05T00:43:20.750Z] Checked if tokens are valid: true, expires at: 1754355722318
[info] i  functions: generating the service identity for eventarc.googleapis.com... 
[debug] [2025-08-05T00:43:20.750Z] Checked if tokens are valid: true, expires at: 1754355722318
[debug] [2025-08-05T00:43:20.751Z] Checked if tokens are valid: true, expires at: 1754355722318
[debug] [2025-08-05T00:43:20.751Z] >>> [apiv2][query] POST https://serviceusage.googleapis.com/v1beta1/projects/1011113149395/services/pubsub.googleapis.com:generateServiceIdentity [none]
[debug] [2025-08-05T00:43:20.751Z] >>> [apiv2][(partial)header] POST https://serviceusage.googleapis.com/v1beta1/projects/1011113149395/services/pubsub.googleapis.com:generateServiceIdentity x-goog-quota-user=projects/1011113149395
[debug] [2025-08-05T00:43:20.751Z] >>> [apiv2][body] POST https://serviceusage.googleapis.com/v1beta1/projects/1011113149395/services/pubsub.googleapis.com:generateServiceIdentity {}
[debug] [2025-08-05T00:43:20.752Z] >>> [apiv2][query] POST https://serviceusage.googleapis.com/v1beta1/projects/1011113149395/services/eventarc.googleapis.com:generateServiceIdentity [none]
[debug] [2025-08-05T00:43:20.753Z] >>> [apiv2][(partial)header] POST https://serviceusage.googleapis.com/v1beta1/projects/1011113149395/services/eventarc.googleapis.com:generateServiceIdentity x-goog-quota-user=projects/1011113149395
[debug] [2025-08-05T00:43:20.753Z] >>> [apiv2][body] POST https://serviceusage.googleapis.com/v1beta1/projects/1011113149395/services/eventarc.googleapis.com:generateServiceIdentity {}
[debug] [2025-08-05T00:43:21.902Z] <<< [apiv2][status] POST https://serviceusage.googleapis.com/v1beta1/projects/1011113149395/services/pubsub.googleapis.com:generateServiceIdentity 200
[debug] [2025-08-05T00:43:21.902Z] <<< [apiv2][body] POST https://serviceusage.googleapis.com/v1beta1/projects/1011113149395/services/pubsub.googleapis.com:generateServiceIdentity {"name":"operations/finished.DONE_OPERATION","done":true,"response":{"@type":"type.googleapis.com/google.api.serviceusage.v1beta1.ServiceIdentity","email":"service-1011113149395@gcp-sa-pubsub.iam.gserviceaccount.com","uniqueId":"104993298686477585255"}}
[debug] [2025-08-05T00:43:21.902Z] <<< [apiv2][status] POST https://serviceusage.googleapis.com/v1beta1/projects/1011113149395/services/eventarc.googleapis.com:generateServiceIdentity 200
[debug] [2025-08-05T00:43:21.902Z] <<< [apiv2][body] POST https://serviceusage.googleapis.com/v1beta1/projects/1011113149395/services/eventarc.googleapis.com:generateServiceIdentity {"name":"operations/finished.DONE_OPERATION","done":true,"response":{"@type":"type.googleapis.com/google.api.serviceusage.v1beta1.ServiceIdentity","email":"service-1011113149395@gcp-sa-eventarc.iam.gserviceaccount.com","uniqueId":"117855872075734207130"}}
[info] i  functions: ensuring required API secretmanager.googleapis.com is enabled... 
[debug] [2025-08-05T00:43:21.903Z] Checked if tokens are valid: true, expires at: 1754355722318
[debug] [2025-08-05T00:43:21.904Z] Checked if tokens are valid: true, expires at: 1754355722318
[debug] [2025-08-05T00:43:21.904Z] >>> [apiv2][query] GET https://serviceusage.googleapis.com/v1/projects/1011113149395/services/secretmanager.googleapis.com [none]
[debug] [2025-08-05T00:43:21.904Z] >>> [apiv2][(partial)header] GET https://serviceusage.googleapis.com/v1/projects/1011113149395/services/secretmanager.googleapis.com x-goog-quota-user=projects/1011113149395
[debug] [2025-08-05T00:43:22.847Z] <<< [apiv2][status] GET https://serviceusage.googleapis.com/v1/projects/1011113149395/services/secretmanager.googleapis.com 200
[debug] [2025-08-05T00:43:22.847Z] <<< [apiv2][body] GET https://serviceusage.googleapis.com/v1/projects/1011113149395/services/secretmanager.googleapis.com [omitted]
[info] +  functions: required API secretmanager.googleapis.com is enabled 
[debug] [2025-08-05T00:43:22.858Z] Checked if tokens are valid: true, expires at: 1754355722318
[debug] [2025-08-05T00:43:22.858Z] Checked if tokens are valid: true, expires at: 1754355722318
[debug] [2025-08-05T00:43:22.858Z] >>> [apiv2][query] GET https://secretmanager.googleapis.com/v1/projects/matheus-35023/secrets/DEEPSEEK_API_KEY/versions/latest [none]
[debug] [2025-08-05T00:43:23.045Z] <<< [apiv2][status] GET https://secretmanager.googleapis.com/v1/projects/matheus-35023/secrets/DEEPSEEK_API_KEY/versions/latest 200
[debug] [2025-08-05T00:43:23.045Z] <<< [apiv2][body] GET https://secretmanager.googleapis.com/v1/projects/matheus-35023/secrets/DEEPSEEK_API_KEY/versions/latest {"name":"projects/1011113149395/secrets/DEEPSEEK_API_KEY/versions/3","createTime":"2025-08-05T00:42:42.793399Z","state":"ENABLED","replicationStatus":{"automatic":{}},"etag":"\"163b9380867fb7\""}
[debug] [2025-08-05T00:43:23.045Z] Resolved secret version of DEEPSEEK_API_KEY to 3.
[debug] [2025-08-05T00:43:23.048Z] Checked if tokens are valid: true, expires at: 1754355722318
[debug] [2025-08-05T00:43:23.048Z] Checked if tokens are valid: true, expires at: 1754355722318
[debug] [2025-08-05T00:43:23.048Z] >>> [apiv2][query] GET https://cloudresourcemanager.googleapis.com/v1/projects/matheus-35023 [none]
[debug] [2025-08-05T00:43:23.937Z] <<< [apiv2][status] GET https://cloudresourcemanager.googleapis.com/v1/projects/matheus-35023 200
[debug] [2025-08-05T00:43:23.937Z] <<< [apiv2][body] GET https://cloudresourcemanager.googleapis.com/v1/projects/matheus-35023 {"projectNumber":"1011113149395","projectId":"matheus-35023","lifecycleState":"ACTIVE","name":"MATHEUS","labels":{"firebase":"enabled","firebase-core":"disabled"},"createTime":"2025-07-19T14:48:56.415066Z"}
[debug] [2025-08-05T00:43:23.938Z] Checked if tokens are valid: true, expires at: 1754355722318
[debug] [2025-08-05T00:43:23.938Z] Checked if tokens are valid: true, expires at: 1754355722318
[debug] [2025-08-05T00:43:23.938Z] >>> [apiv2][query] GET https://compute.googleapis.com/compute/v1/projects/1011113149395 [none]
[debug] [2025-08-05T00:43:25.180Z] <<< [apiv2][status] GET https://compute.googleapis.com/compute/v1/projects/1011113149395 403
[debug] [2025-08-05T00:43:25.181Z] <<< [apiv2][body] GET https://compute.googleapis.com/compute/v1/projects/1011113149395 {"error":{"code":403,"message":"Compute Engine API has not been used in project 1011113149395 before or it is disabled. Enable it by visiting https://console.developers.google.com/apis/api/compute.googleapis.com/overview?project=1011113149395 then retry. If you enabled this API recently, wait a few minutes for the action to propagate to our systems and retry.","errors":[{"message":"Compute Engine API has not been used in project 1011113149395 before or it is disabled. Enable it by visiting https://console.developers.google.com/apis/api/compute.googleapis.com/overview?project=1011113149395 then retry. If you enabled this API recently, wait a few minutes for the action to propagate to our systems and retry.","domain":"usageLimits","reason":"accessNotConfigured","extendedHelp":"https://console.developers.google.com"}],"status":"PERMISSION_DENIED","details":[{"@type":"type.googleapis.com/google.rpc.ErrorInfo","reason":"SERVICE_DISABLED","domain":"googleapis.com","metadata":{"serviceTitle":"Compute Engine API","containerInfo":"1011113149395","consumer":"projects/1011113149395","service":"compute.googleapis.com","activationUrl":"https://console.developers.google.com/apis/api/compute.googleapis.com/overview?project=1011113149395"}},{"@type":"type.googleapis.com/google.rpc.LocalizedMessage","locale":"en-US","message":"Compute Engine API has not been used in project 1011113149395 before or it is disabled. Enable it by visiting https://console.developers.google.com/apis/api/compute.googleapis.com/overview?project=1011113149395 then retry. If you enabled this API recently, wait a few minutes for the action to propagate to our systems and retry."},{"@type":"type.googleapis.com/google.rpc.Help","links":[{"description":"Google developers console API activation","url":"https://console.developers.google.com/apis/api/compute.googleapis.com/overview?project=1011113149395"}]}]}}
[debug] [2025-08-05T00:43:25.182Z] unable to look up default compute service account. Falling back to 1011113149395-compute@developer.gserviceaccount.com. Error: {"name":"FirebaseError","children":[],"context":{"body":{"error":{"code":403,"message":"Compute Engine API has not been used in project 1011113149395 before or it is disabled. Enable it by visiting https://console.developers.google.com/apis/api/compute.googleapis.com/overview?project=1011113149395 then retry. If you enabled this API recently, wait a few minutes for the action to propagate to our systems and retry.","errors":[{"message":"Compute Engine API has not been used in project 1011113149395 before or it is disabled. Enable it by visiting https://console.developers.google.com/apis/api/compute.googleapis.com/overview?project=1011113149395 then retry. If you enabled this API recently, wait a few minutes for the action to propagate to our systems and retry.","domain":"usageLimits","reason":"accessNotConfigured","extendedHelp":"https://console.developers.google.com"}],"status":"PERMISSION_DENIED","details":[{"@type":"type.googleapis.com/google.rpc.ErrorInfo","reason":"SERVICE_DISABLED","domain":"googleapis.com","metadata":{"serviceTitle":"Compute Engine API","containerInfo":"1011113149395","consumer":"projects/1011113149395","service":"compute.googleapis.com","activationUrl":"https://console.developers.google.com/apis/api/compute.googleapis.com/overview?project=1011113149395"}},{"@type":"type.googleapis.com/google.rpc.LocalizedMessage","locale":"en-US","message":"Compute Engine API has not been used in project 1011113149395 before or it is disabled. Enable it by visiting https://console.developers.google.com/apis/api/compute.googleapis.com/overview?project=1011113149395 then retry. If you enabled this API recently, wait a few minutes for the action to propagate to our systems and retry."},{"@type":"type.googleapis.com/google.rpc.Help","links":[{"description":"Google developers console API activation","url":"https://console.developers.google.com/apis/api/compute.googleapis.com/overview?project=1011113149395"}]}]}},"response":{"statusCode":403}},"exit":1,"message":"Request to https://compute.googleapis.com/compute/v1/projects/1011113149395 had HTTP Error: 403, Compute Engine API has not been used in project 1011113149395 before or it is disabled. Enable it by visiting https://console.developers.google.com/apis/api/compute.googleapis.com/overview?project=1011113149395 then retry. If you enabled this API recently, wait a few minutes for the action to propagate to our systems and retry.","status":403}
[info] i  functions: ensuring 1011113149395-compute@developer.gserviceaccount.com access to secret DEEPSEEK_API_KEY. 
[debug] [2025-08-05T00:43:25.184Z] Checked if tokens are valid: true, expires at: 1754355722318
[debug] [2025-08-05T00:43:25.184Z] Checked if tokens are valid: true, expires at: 1754355722318
[debug] [2025-08-05T00:43:25.184Z] >>> [apiv2][query] GET https://secretmanager.googleapis.com/v1/projects/matheus-35023/secrets/DEEPSEEK_API_KEY:getIamPolicy [none]
[debug] [2025-08-05T00:43:25.637Z] <<< [apiv2][status] GET https://secretmanager.googleapis.com/v1/projects/matheus-35023/secrets/DEEPSEEK_API_KEY:getIamPolicy 200
[debug] [2025-08-05T00:43:25.638Z] <<< [apiv2][body] GET https://secretmanager.googleapis.com/v1/projects/matheus-35023/secrets/DEEPSEEK_API_KEY:getIamPolicy {"etag":"ACAB"}
[debug] [2025-08-05T00:43:25.638Z] Checked if tokens are valid: true, expires at: 1754355722318
[debug] [2025-08-05T00:43:25.638Z] Checked if tokens are valid: true, expires at: 1754355722318
[debug] [2025-08-05T00:43:25.638Z] >>> [apiv2][query] POST https://secretmanager.googleapis.com/v1/projects/matheus-35023/secrets/DEEPSEEK_API_KEY:setIamPolicy [none]
[debug] [2025-08-05T00:43:25.638Z] >>> [apiv2][body] POST https://secretmanager.googleapis.com/v1/projects/matheus-35023/secrets/DEEPSEEK_API_KEY:setIamPolicy {"policy":{"bindings":[{"role":"roles/secretmanager.secretAccessor","members":["serviceAccount:1011113149395-compute@developer.gserviceaccount.com"]}]},"updateMask":"bindings"}
[debug] [2025-08-05T00:43:26.260Z] <<< [apiv2][status] POST https://secretmanager.googleapis.com/v1/projects/matheus-35023/secrets/DEEPSEEK_API_KEY:setIamPolicy 200
[debug] [2025-08-05T00:43:26.260Z] <<< [apiv2][body] POST https://secretmanager.googleapis.com/v1/projects/matheus-35023/secrets/DEEPSEEK_API_KEY:setIamPolicy {"version":1,"etag":"BwY7k4MeuB0=","bindings":[{"role":"roles/secretmanager.secretAccessor","members":["serviceAccount:1011113149395-compute@developer.gserviceaccount.com"]}]}
[info] +  secretmanager: Granted roles/secretmanager.secretAccessor on projects/matheus-35023/secrets/DEEPSEEK_API_KEY to 1011113149395-compute@developer.gserviceaccount.com 
[info] +  functions: ensured 1011113149395-compute@developer.gserviceaccount.com access to DEEPSEEK_API_KEY. 
[debug] [2025-08-05T00:43:26.266Z] Checked if tokens are valid: true, expires at: 1754355722318
[debug] [2025-08-05T00:43:26.266Z] Checked if tokens are valid: true, expires at: 1754355722318
[debug] [2025-08-05T00:43:26.266Z] >>> [apiv2][query] POST https://cloudfunctions.googleapis.com/v2/projects/matheus-35023/locations/us-central1/functions:generateUploadUrl [none]
[debug] [2025-08-05T00:43:27.392Z] <<< [apiv2][status] POST https://cloudfunctions.googleapis.com/v2/projects/matheus-35023/locations/us-central1/functions:generateUploadUrl 200
[debug] [2025-08-05T00:43:27.392Z] <<< [apiv2][body] POST https://cloudfunctions.googleapis.com/v2/projects/matheus-35023/locations/us-central1/functions:generateUploadUrl {"uploadUrl":"https://storage.googleapis.com/gcf-v2-uploads-1011113149395.us-central1.cloudfunctions.appspot.com/f5adb67f-ec32-4485-a476-744976bc72f9.zip?GoogleAccessId=service-1011113149395@gcf-admin-robot.iam.gserviceaccount.com&Expires=1754356407&Signature=kgArDF9lfErHC8lSnUl23Nmfhzpdpbm%2FnlQeR0wgojuyFsypwPTUcPIbjwk0sev%2FrfWDhlURZt7cZ28KY3IB5OkyP1gba5%2Bv5PPk8HRvrOyDtIHtQxqwOP94l2I7ms3uIqVM1ARsatYJpfAWzfGHhX8EvTzlaX0wFplzZkVvDm2bssDzHMTjmo93facly49FmvjTZDq08hHKf1j0ZOyU0EfWNAMf4InFKdjlPoBI9FLhlczImks%2FDOb1Kh4Sns6i6F8EQV9vHXBSpBPY3hrue71Gq5IDDSGUgOg%2Bb2oWOthmzTzIMPHL9LMeIdTPEx7Tlt6mhVpvDzQ7kn67KuPP3Q%3D%3D","storageSource":{"bucket":"gcf-v2-uploads-1011113149395.us-central1.cloudfunctions.appspot.com","object":"f5adb67f-ec32-4485-a476-744976bc72f9.zip"}}
[debug] [2025-08-05T00:43:27.393Z] >>> [apiv2][query] PUT https://storage.googleapis.com/gcf-v2-uploads-1011113149395.us-central1.cloudfunctions.appspot.com/f5adb67f-ec32-4485-a476-744976bc72f9.zip GoogleAccessId=service-1011113149395%40gcf-admin-robot.iam.gserviceaccount.com&Expires=1754356407&Signature=kgArDF9lfErHC8lSnUl23Nmfhzpdpbm%2FnlQeR0wgojuyFsypwPTUcPIbjwk0sev%2FrfWDhlURZt7cZ28KY3IB5OkyP1gba5%2Bv5PPk8HRvrOyDtIHtQxqwOP94l2I7ms3uIqVM1ARsatYJpfAWzfGHhX8EvTzlaX0wFplzZkVvDm2bssDzHMTjmo93facly49FmvjTZDq08hHKf1j0ZOyU0EfWNAMf4InFKdjlPoBI9FLhlczImks%2FDOb1Kh4Sns6i6F8EQV9vHXBSpBPY3hrue71Gq5IDDSGUgOg%2Bb2oWOthmzTzIMPHL9LMeIdTPEx7Tlt6mhVpvDzQ7kn67KuPP3Q%3D%3D
[debug] [2025-08-05T00:43:27.393Z] >>> [apiv2][body] PUT https://storage.googleapis.com/gcf-v2-uploads-1011113149395.us-central1.cloudfunctions.appspot.com/f5adb67f-ec32-4485-a476-744976bc72f9.zip [stream]
[debug] [2025-08-05T00:43:28.604Z] <<< [apiv2][status] PUT https://storage.googleapis.com/gcf-v2-uploads-1011113149395.us-central1.cloudfunctions.appspot.com/f5adb67f-ec32-4485-a476-744976bc72f9.zip 200
[debug] [2025-08-05T00:43:28.604Z] <<< [apiv2][body] PUT https://storage.googleapis.com/gcf-v2-uploads-1011113149395.us-central1.cloudfunctions.appspot.com/f5adb67f-ec32-4485-a476-744976bc72f9.zip [omitted]
[info] +  functions: functions folder uploaded successfully 
[info] 
The following functions are found in your project but do not exist in your local source code:
	proxyBling(us-central1)
	proxyShopeeSearch(us-central1)

If you are renaming a function or changing its region, it is recommended that you create the new function first before deleting the old one to prevent event loss. For more info, visit https://firebase.google.com/docs/functions/manage-functions#modify

[info] i  functions: updating Node.js 18 (2nd Gen) function proxyDeepSeek(us-central1)... 
[debug] [2025-08-05T00:43:57.963Z] Checked if tokens are valid: true, expires at: 1754355722318
[debug] [2025-08-05T00:43:57.964Z] Checked if tokens are valid: true, expires at: 1754355722318
[debug] [2025-08-05T00:43:57.964Z] >>> [apiv2][query] PATCH https://cloudfunctions.googleapis.com/v2/projects/matheus-35023/locations/us-central1/functions/proxyDeepSeek updateMask=name%2CbuildConfig.runtime%2CbuildConfig.entryPoint%2CbuildConfig.source.storageSource.bucket%2CbuildConfig.source.storageSource.object%2CbuildConfig.environmentVariables%2CbuildConfig.sourceToken%2CserviceConfig.environmentVariables%2CserviceConfig.secretEnvironmentVariables%2CserviceConfig.ingressSettings%2CserviceConfig.timeoutSeconds%2CserviceConfig.serviceAccountEmail%2CserviceConfig.availableMemory%2CserviceConfig.minInstanceCount%2CserviceConfig.maxInstanceCount%2CserviceConfig.maxInstanceRequestConcurrency%2CserviceConfig.availableCpu%2CserviceConfig.vpcConnector%2CserviceConfig.vpcConnectorEgressSettings%2Clabels
[debug] [2025-08-05T00:43:57.964Z] >>> [apiv2][body] PATCH https://cloudfunctions.googleapis.com/v2/projects/matheus-35023/locations/us-central1/functions/proxyDeepSeek {"name":"projects/matheus-35023/locations/us-central1/functions/proxyDeepSeek","buildConfig":{"runtime":"nodejs18","entryPoint":"proxyDeepSeek","source":{"storageSource":{"bucket":"gcf-v2-uploads-1011113149395.us-central1.cloudfunctions.appspot.com","object":"f5adb67f-ec32-4485-a476-744976bc72f9.zip"}},"environmentVariables":{"GOOGLE_NODE_RUN_SCRIPTS":""}},"serviceConfig":{"environmentVariables":{"FIREBASE_CONFIG":"{\"projectId\":\"matheus-35023\",\"storageBucket\":\"matheus-35023.firebasestorage.app\"}","GCLOUD_PROJECT":"matheus-35023","EVENTARC_CLOUD_EVENT_SOURCE":"projects/matheus-35023/locations/us-central1/services/proxyDeepSeek","FUNCTION_TARGET":"proxyDeepSeek","LOG_EXECUTION_ID":"true","FUNCTION_SIGNATURE_TYPE":"http"},"secretEnvironmentVariables":[{"key":"DEEPSEEK_API_KEY","secret":"DEEPSEEK_API_KEY","projectId":"matheus-35023","version":"3"}],"ingressSettings":null,"timeoutSeconds":null,"serviceAccountEmail":null,"availableMemory":"256Mi","minInstanceCount":null,"maxInstanceCount":null,"maxInstanceRequestConcurrency":80,"availableCpu":"1","vpcConnector":null,"vpcConnectorEgressSettings":null},"labels":{"deployment-tool":"cli-firebase","firebase-functions-hash":"520a1cc7276375a4be3280a4948ed72722a3c721"}}
[debug] [2025-08-05T00:44:00.000Z] <<< [apiv2][status] PATCH https://cloudfunctions.googleapis.com/v2/projects/matheus-35023/locations/us-central1/functions/proxyDeepSeek 200
[debug] [2025-08-05T00:44:00.000Z] <<< [apiv2][body] PATCH https://cloudfunctions.googleapis.com/v2/projects/matheus-35023/locations/us-central1/functions/proxyDeepSeek {"name":"projects/matheus-35023/locations/us-central1/operations/operation-1754354639084-63b9385129c81-1efad93e-bb41230b","metadata":{"@type":"type.googleapis.com/google.cloud.functions.v2.OperationMetadata","createTime":"2025-08-05T00:44:00.038024369Z","target":"projects/matheus-35023/locations/us-central1/functions/proxyDeepSeek","verb":"update","cancelRequested":false,"apiVersion":"v2"},"done":false}
[debug] [2025-08-05T00:44:00.001Z] Checked if tokens are valid: true, expires at: 1754355722318
[debug] [2025-08-05T00:44:00.001Z] Checked if tokens are valid: true, expires at: 1754355722318
[debug] [2025-08-05T00:44:00.001Z] >>> [apiv2][query] GET https://cloudfunctions.googleapis.com/v2/projects/matheus-35023/locations/us-central1/operations/operation-1754354639084-63b9385129c81-1efad93e-bb41230b [none]
[debug] [2025-08-05T00:44:00.972Z] <<< [apiv2][status] GET https://cloudfunctions.googleapis.com/v2/projects/matheus-35023/locations/us-central1/operations/operation-1754354639084-63b9385129c81-1efad93e-bb41230b 200
[debug] [2025-08-05T00:44:00.973Z] <<< [apiv2][body] GET https://cloudfunctions.googleapis.com/v2/projects/matheus-35023/locations/us-central1/operations/operation-1754354639084-63b9385129c81-1efad93e-bb41230b {"name":"projects/matheus-35023/locations/us-central1/operations/operation-1754354639084-63b9385129c81-1efad93e-bb41230b","metadata":{"@type":"type.googleapis.com/google.cloud.functions.v2.OperationMetadata","createTime":"2025-08-05T00:44:00.038024369Z","target":"projects/matheus-35023/locations/us-central1/functions/proxyDeepSeek","verb":"update","cancelRequested":false,"apiVersion":"v2","requestResource":{"@type":"type.googleapis.com/google.cloud.functions.v2.Function","name":"projects/matheus-35023/locations/us-central1/functions/proxyDeepSeek","buildConfig":{"runtime":"nodejs18","entryPoint":"proxyDeepSeek","source":{"storageSource":{"bucket":"gcf-v2-sources-1011113149395-us-central1","object":"proxyDeepSeek/function-source.zip","generation":"1754354639971660"}},"environmentVariables":{"GOOGLE_NODE_RUN_SCRIPTS":""},"dockerRepository":"projects/matheus-35023/locations/us-central1/repositories/gcf-artifacts","sourceProvenance":{"resolvedStorageSource":{"bucket":"gcf-v2-sources-1011113149395-us-central1","object":"proxyDeepSeek/function-source.zip","generation":"1754351766533617"}},"dockerRegistry":"ARTIFACT_REGISTRY","serviceAccount":"projects/matheus-35023/serviceAccounts/1011113149395-compute@developer.gserviceaccount.com","automaticUpdatePolicy":{}},"serviceConfig":{"service":"projects/matheus-35023/locations/us-central1/services/proxydeepseek","timeoutSeconds":60,"environmentVariables":{"FIREBASE_CONFIG":"{\"projectId\":\"matheus-35023\",\"storageBucket\":\"matheus-35023.firebasestorage.app\"}","GCLOUD_PROJECT":"matheus-35023","EVENTARC_CLOUD_EVENT_SOURCE":"projects/matheus-35023/locations/us-central1/services/proxyDeepSeek","FUNCTION_TARGET":"proxyDeepSeek","LOG_EXECUTION_ID":"true","FUNCTION_SIGNATURE_TYPE":"http"},"ingressSettings":"ALLOW_ALL","uri":"https://proxydeepseek-g6u4niudyq-uc.a.run.app","serviceAccountEmail":"1011113149395-compute@developer.gserviceaccount.com","availableMemory":"256Mi","allTrafficOnLatestRevision":true,"secretEnvironmentVariables":[{"key":"DEEPSEEK_API_KEY","projectId":"matheus-35023","secret":"DEEPSEEK_API_KEY","version":"3"}],"revision":"proxydeepseek-00017-zeh","maxInstanceRequestConcurrency":80,"availableCpu":"1"},"state":"ACTIVE","labels":{"deployment-tool":"cli-firebase","firebase-functions-hash":"520a1cc7276375a4be3280a4948ed72722a3c721"},"environment":"GEN_2","url":"https://us-central1-matheus-35023.cloudfunctions.net/proxyDeepSeek","satisfiesPzi":true},"stages":[{"name":"BUILD","message":"Creating build","state":"IN_PROGRESS","resource":"projects/1011113149395/locations/us-central1/builds/9fa99cc7-f1dc-47a1-a6ef-9f3c5ad7594a","resourceUri":"https://console.cloud.google.com/cloud-build/builds;region=us-central1/9fa99cc7-f1dc-47a1-a6ef-9f3c5ad7594a?project=1011113149395"},{"name":"SERVICE","state":"NOT_STARTED"}],"operationType":"UPDATE_FUNCTION","buildName":"projects/1011113149395/locations/us-central1/builds/9fa99cc7-f1dc-47a1-a6ef-9f3c5ad7594a"},"done":false}
[debug] [2025-08-05T00:44:01.489Z] [update-default-us-central1-proxyDeepSeek] Retrying task index 0
[debug] [2025-08-05T00:44:01.490Z] Checked if tokens are valid: true, expires at: 1754355722318
[debug] [2025-08-05T00:44:01.490Z] Checked if tokens are valid: true, expires at: 1754355722318
[debug] [2025-08-05T00:44:01.490Z] >>> [apiv2][query] GET https://cloudfunctions.googleapis.com/v2/projects/matheus-35023/locations/us-central1/operations/operation-1754354639084-63b9385129c81-1efad93e-bb41230b [none]
[debug] [2025-08-05T00:44:02.398Z] <<< [apiv2][status] GET https://cloudfunctions.googleapis.com/v2/projects/matheus-35023/locations/us-central1/operations/operation-1754354639084-63b9385129c81-1efad93e-bb41230b 200
[debug] [2025-08-05T00:44:02.398Z] <<< [apiv2][body] GET https://cloudfunctions.googleapis.com/v2/projects/matheus-35023/locations/us-central1/operations/operation-1754354639084-63b9385129c81-1efad93e-bb41230b {"name":"projects/matheus-35023/locations/us-central1/operations/operation-1754354639084-63b9385129c81-1efad93e-bb41230b","metadata":{"@type":"type.googleapis.com/google.cloud.functions.v2.OperationMetadata","createTime":"2025-08-05T00:44:00.038024369Z","target":"projects/matheus-35023/locations/us-central1/functions/proxyDeepSeek","verb":"update","cancelRequested":false,"apiVersion":"v2","requestResource":{"@type":"type.googleapis.com/google.cloud.functions.v2.Function","name":"projects/matheus-35023/locations/us-central1/functions/proxyDeepSeek","buildConfig":{"runtime":"nodejs18","entryPoint":"proxyDeepSeek","source":{"storageSource":{"bucket":"gcf-v2-sources-1011113149395-us-central1","object":"proxyDeepSeek/function-source.zip","generation":"1754354639971660"}},"environmentVariables":{"GOOGLE_NODE_RUN_SCRIPTS":""},"dockerRepository":"projects/matheus-35023/locations/us-central1/repositories/gcf-artifacts","sourceProvenance":{"resolvedStorageSource":{"bucket":"gcf-v2-sources-1011113149395-us-central1","object":"proxyDeepSeek/function-source.zip","generation":"1754351766533617"}},"dockerRegistry":"ARTIFACT_REGISTRY","serviceAccount":"projects/matheus-35023/serviceAccounts/1011113149395-compute@developer.gserviceaccount.com","automaticUpdatePolicy":{}},"serviceConfig":{"service":"projects/matheus-35023/locations/us-central1/services/proxydeepseek","timeoutSeconds":60,"environmentVariables":{"FIREBASE_CONFIG":"{\"projectId\":\"matheus-35023\",\"storageBucket\":\"matheus-35023.firebasestorage.app\"}","GCLOUD_PROJECT":"matheus-35023","EVENTARC_CLOUD_EVENT_SOURCE":"projects/matheus-35023/locations/us-central1/services/proxyDeepSeek","FUNCTION_TARGET":"proxyDeepSeek","LOG_EXECUTION_ID":"true","FUNCTION_SIGNATURE_TYPE":"http"},"ingressSettings":"ALLOW_ALL","uri":"https://proxydeepseek-g6u4niudyq-uc.a.run.app","serviceAccountEmail":"1011113149395-compute@developer.gserviceaccount.com","availableMemory":"256Mi","allTrafficOnLatestRevision":true,"secretEnvironmentVariables":[{"key":"DEEPSEEK_API_KEY","projectId":"matheus-35023","secret":"DEEPSEEK_API_KEY","version":"3"}],"revision":"proxydeepseek-00017-zeh","maxInstanceRequestConcurrency":80,"availableCpu":"1"},"state":"ACTIVE","labels":{"deployment-tool":"cli-firebase","firebase-functions-hash":"520a1cc7276375a4be3280a4948ed72722a3c721"},"environment":"GEN_2","url":"https://us-central1-matheus-35023.cloudfunctions.net/proxyDeepSeek","satisfiesPzi":true},"stages":[{"name":"BUILD","message":"Build in progress","state":"IN_PROGRESS","resource":"projects/1011113149395/locations/us-central1/builds/9fa99cc7-f1dc-47a1-a6ef-9f3c5ad7594a","resourceUri":"https://console.cloud.google.com/cloud-build/builds;region=us-central1/9fa99cc7-f1dc-47a1-a6ef-9f3c5ad7594a?project=1011113149395"},{"name":"SERVICE","state":"NOT_STARTED"}],"operationType":"UPDATE_FUNCTION","buildName":"projects/1011113149395/locations/us-central1/builds/9fa99cc7-f1dc-47a1-a6ef-9f3c5ad7594a"},"done":false}
[debug] [2025-08-05T00:44:03.411Z] [update-default-us-central1-proxyDeepSeek] Retrying task index 0
[debug] [2025-08-05T00:44:03.412Z] Checked if tokens are valid: true, expires at: 1754355722318
[debug] [2025-08-05T00:44:03.413Z] Checked if tokens are valid: true, expires at: 1754355722318
[debug] [2025-08-05T00:44:03.414Z] >>> [apiv2][query] GET https://cloudfunctions.googleapis.com/v2/projects/matheus-35023/locations/us-central1/operations/operation-1754354639084-63b9385129c81-1efad93e-bb41230b [none]
[debug] [2025-08-05T00:44:04.476Z] <<< [apiv2][status] GET https://cloudfunctions.googleapis.com/v2/projects/matheus-35023/locations/us-central1/operations/operation-1754354639084-63b9385129c81-1efad93e-bb41230b 200
[debug] [2025-08-05T00:44:04.476Z] <<< [apiv2][body] GET https://cloudfunctions.googleapis.com/v2/projects/matheus-35023/locations/us-central1/operations/operation-1754354639084-63b9385129c81-1efad93e-bb41230b {"name":"projects/matheus-35023/locations/us-central1/operations/operation-1754354639084-63b9385129c81-1efad93e-bb41230b","metadata":{"@type":"type.googleapis.com/google.cloud.functions.v2.OperationMetadata","createTime":"2025-08-05T00:44:00.038024369Z","target":"projects/matheus-35023/locations/us-central1/functions/proxyDeepSeek","verb":"update","cancelRequested":false,"apiVersion":"v2","requestResource":{"@type":"type.googleapis.com/google.cloud.functions.v2.Function","name":"projects/matheus-35023/locations/us-central1/functions/proxyDeepSeek","buildConfig":{"runtime":"nodejs18","entryPoint":"proxyDeepSeek","source":{"storageSource":{"bucket":"gcf-v2-sources-1011113149395-us-central1","object":"proxyDeepSeek/function-source.zip","generation":"1754354639971660"}},"environmentVariables":{"GOOGLE_NODE_RUN_SCRIPTS":""},"dockerRepository":"projects/matheus-35023/locations/us-central1/repositories/gcf-artifacts","sourceProvenance":{"resolvedStorageSource":{"bucket":"gcf-v2-sources-1011113149395-us-central1","object":"proxyDeepSeek/function-source.zip","generation":"1754351766533617"}},"dockerRegistry":"ARTIFACT_REGISTRY","serviceAccount":"projects/matheus-35023/serviceAccounts/1011113149395-compute@developer.gserviceaccount.com","automaticUpdatePolicy":{}},"serviceConfig":{"service":"projects/matheus-35023/locations/us-central1/services/proxydeepseek","timeoutSeconds":60,"environmentVariables":{"FIREBASE_CONFIG":"{\"projectId\":\"matheus-35023\",\"storageBucket\":\"matheus-35023.firebasestorage.app\"}","GCLOUD_PROJECT":"matheus-35023","EVENTARC_CLOUD_EVENT_SOURCE":"projects/matheus-35023/locations/us-central1/services/proxyDeepSeek","FUNCTION_TARGET":"proxyDeepSeek","LOG_EXECUTION_ID":"true","FUNCTION_SIGNATURE_TYPE":"http"},"ingressSettings":"ALLOW_ALL","uri":"https://proxydeepseek-g6u4niudyq-uc.a.run.app","serviceAccountEmail":"1011113149395-compute@developer.gserviceaccount.com","availableMemory":"256Mi","allTrafficOnLatestRevision":true,"secretEnvironmentVariables":[{"key":"DEEPSEEK_API_KEY","projectId":"matheus-35023","secret":"DEEPSEEK_API_KEY","version":"3"}],"revision":"proxydeepseek-00017-zeh","maxInstanceRequestConcurrency":80,"availableCpu":"1"},"state":"ACTIVE","labels":{"deployment-tool":"cli-firebase","firebase-functions-hash":"520a1cc7276375a4be3280a4948ed72722a3c721"},"environment":"GEN_2","url":"https://us-central1-matheus-35023.cloudfunctions.net/proxyDeepSeek","satisfiesPzi":true},"stages":[{"name":"BUILD","message":"Build in progress","state":"IN_PROGRESS","resource":"projects/1011113149395/locations/us-central1/builds/9fa99cc7-f1dc-47a1-a6ef-9f3c5ad7594a","resourceUri":"https://console.cloud.google.com/cloud-build/builds;region=us-central1/9fa99cc7-f1dc-47a1-a6ef-9f3c5ad7594a?project=1011113149395"},{"name":"SERVICE","state":"NOT_STARTED"}],"operationType":"UPDATE_FUNCTION","buildName":"projects/1011113149395/locations/us-central1/builds/9fa99cc7-f1dc-47a1-a6ef-9f3c5ad7594a"},"done":false}
[debug] [2025-08-05T00:44:06.480Z] [update-default-us-central1-proxyDeepSeek] Retrying task index 0
[debug] [2025-08-05T00:44:06.481Z] Checked if tokens are valid: true, expires at: 1754355722318
[debug] [2025-08-05T00:44:06.481Z] Checked if tokens are valid: true, expires at: 1754355722318
[debug] [2025-08-05T00:44:06.481Z] >>> [apiv2][query] GET https://cloudfunctions.googleapis.com/v2/projects/matheus-35023/locations/us-central1/operations/operation-1754354639084-63b9385129c81-1efad93e-bb41230b [none]
[debug] [2025-08-05T00:44:07.398Z] <<< [apiv2][status] GET https://cloudfunctions.googleapis.com/v2/projects/matheus-35023/locations/us-central1/operations/operation-1754354639084-63b9385129c81-1efad93e-bb41230b 200
[debug] [2025-08-05T00:44:07.398Z] <<< [apiv2][body] GET https://cloudfunctions.googleapis.com/v2/projects/matheus-35023/locations/us-central1/operations/operation-1754354639084-63b9385129c81-1efad93e-bb41230b {"name":"projects/matheus-35023/locations/us-central1/operations/operation-1754354639084-63b9385129c81-1efad93e-bb41230b","metadata":{"@type":"type.googleapis.com/google.cloud.functions.v2.OperationMetadata","createTime":"2025-08-05T00:44:00.038024369Z","target":"projects/matheus-35023/locations/us-central1/functions/proxyDeepSeek","verb":"update","cancelRequested":false,"apiVersion":"v2","requestResource":{"@type":"type.googleapis.com/google.cloud.functions.v2.Function","name":"projects/matheus-35023/locations/us-central1/functions/proxyDeepSeek","buildConfig":{"runtime":"nodejs18","entryPoint":"proxyDeepSeek","source":{"storageSource":{"bucket":"gcf-v2-sources-1011113149395-us-central1","object":"proxyDeepSeek/function-source.zip","generation":"1754354639971660"}},"environmentVariables":{"GOOGLE_NODE_RUN_SCRIPTS":""},"dockerRepository":"projects/matheus-35023/locations/us-central1/repositories/gcf-artifacts","sourceProvenance":{"resolvedStorageSource":{"bucket":"gcf-v2-sources-1011113149395-us-central1","object":"proxyDeepSeek/function-source.zip","generation":"1754351766533617"}},"dockerRegistry":"ARTIFACT_REGISTRY","serviceAccount":"projects/matheus-35023/serviceAccounts/1011113149395-compute@developer.gserviceaccount.com","automaticUpdatePolicy":{}},"serviceConfig":{"service":"projects/matheus-35023/locations/us-central1/services/proxydeepseek","timeoutSeconds":60,"environmentVariables":{"FIREBASE_CONFIG":"{\"projectId\":\"matheus-35023\",\"storageBucket\":\"matheus-35023.firebasestorage.app\"}","GCLOUD_PROJECT":"matheus-35023","EVENTARC_CLOUD_EVENT_SOURCE":"projects/matheus-35023/locations/us-central1/services/proxyDeepSeek","FUNCTION_TARGET":"proxyDeepSeek","LOG_EXECUTION_ID":"true","FUNCTION_SIGNATURE_TYPE":"http"},"ingressSettings":"ALLOW_ALL","uri":"https://proxydeepseek-g6u4niudyq-uc.a.run.app","serviceAccountEmail":"1011113149395-compute@developer.gserviceaccount.com","availableMemory":"256Mi","allTrafficOnLatestRevision":true,"secretEnvironmentVariables":[{"key":"DEEPSEEK_API_KEY","projectId":"matheus-35023","secret":"DEEPSEEK_API_KEY","version":"3"}],"revision":"proxydeepseek-00017-zeh","maxInstanceRequestConcurrency":80,"availableCpu":"1"},"state":"ACTIVE","labels":{"deployment-tool":"cli-firebase","firebase-functions-hash":"520a1cc7276375a4be3280a4948ed72722a3c721"},"environment":"GEN_2","url":"https://us-central1-matheus-35023.cloudfunctions.net/proxyDeepSeek","satisfiesPzi":true},"stages":[{"name":"BUILD","message":"Build in progress","state":"IN_PROGRESS","resource":"projects/1011113149395/locations/us-central1/builds/9fa99cc7-f1dc-47a1-a6ef-9f3c5ad7594a","resourceUri":"https://console.cloud.google.com/cloud-build/builds;region=us-central1/9fa99cc7-f1dc-47a1-a6ef-9f3c5ad7594a?project=1011113149395"},{"name":"SERVICE","state":"NOT_STARTED"}],"operationType":"UPDATE_FUNCTION","buildName":"projects/1011113149395/locations/us-central1/builds/9fa99cc7-f1dc-47a1-a6ef-9f3c5ad7594a"},"done":false}
[debug] [2025-08-05T00:44:11.414Z] [update-default-us-central1-proxyDeepSeek] Retrying task index 0
[debug] [2025-08-05T00:44:11.415Z] Checked if tokens are valid: true, expires at: 1754355722318
[debug] [2025-08-05T00:44:11.416Z] Checked if tokens are valid: true, expires at: 1754355722318
[debug] [2025-08-05T00:44:11.416Z] >>> [apiv2][query] GET https://cloudfunctions.googleapis.com/v2/projects/matheus-35023/locations/us-central1/operations/operation-1754354639084-63b9385129c81-1efad93e-bb41230b [none]
[debug] [2025-08-05T00:44:12.336Z] <<< [apiv2][status] GET https://cloudfunctions.googleapis.com/v2/projects/matheus-35023/locations/us-central1/operations/operation-1754354639084-63b9385129c81-1efad93e-bb41230b 200
[debug] [2025-08-05T00:44:12.336Z] <<< [apiv2][body] GET https://cloudfunctions.googleapis.com/v2/projects/matheus-35023/locations/us-central1/operations/operation-1754354639084-63b9385129c81-1efad93e-bb41230b {"name":"projects/matheus-35023/locations/us-central1/operations/operation-1754354639084-63b9385129c81-1efad93e-bb41230b","metadata":{"@type":"type.googleapis.com/google.cloud.functions.v2.OperationMetadata","createTime":"2025-08-05T00:44:00.038024369Z","target":"projects/matheus-35023/locations/us-central1/functions/proxyDeepSeek","verb":"update","cancelRequested":false,"apiVersion":"v2","requestResource":{"@type":"type.googleapis.com/google.cloud.functions.v2.Function","name":"projects/matheus-35023/locations/us-central1/functions/proxyDeepSeek","buildConfig":{"runtime":"nodejs18","entryPoint":"proxyDeepSeek","source":{"storageSource":{"bucket":"gcf-v2-sources-1011113149395-us-central1","object":"proxyDeepSeek/function-source.zip","generation":"1754354639971660"}},"environmentVariables":{"GOOGLE_NODE_RUN_SCRIPTS":""},"dockerRepository":"projects/matheus-35023/locations/us-central1/repositories/gcf-artifacts","sourceProvenance":{"resolvedStorageSource":{"bucket":"gcf-v2-sources-1011113149395-us-central1","object":"proxyDeepSeek/function-source.zip","generation":"1754351766533617"}},"dockerRegistry":"ARTIFACT_REGISTRY","serviceAccount":"projects/matheus-35023/serviceAccounts/1011113149395-compute@developer.gserviceaccount.com","automaticUpdatePolicy":{}},"serviceConfig":{"service":"projects/matheus-35023/locations/us-central1/services/proxydeepseek","timeoutSeconds":60,"environmentVariables":{"FIREBASE_CONFIG":"{\"projectId\":\"matheus-35023\",\"storageBucket\":\"matheus-35023.firebasestorage.app\"}","GCLOUD_PROJECT":"matheus-35023","EVENTARC_CLOUD_EVENT_SOURCE":"projects/matheus-35023/locations/us-central1/services/proxyDeepSeek","FUNCTION_TARGET":"proxyDeepSeek","LOG_EXECUTION_ID":"true","FUNCTION_SIGNATURE_TYPE":"http"},"ingressSettings":"ALLOW_ALL","uri":"https://proxydeepseek-g6u4niudyq-uc.a.run.app","serviceAccountEmail":"1011113149395-compute@developer.gserviceaccount.com","availableMemory":"256Mi","allTrafficOnLatestRevision":true,"secretEnvironmentVariables":[{"key":"DEEPSEEK_API_KEY","projectId":"matheus-35023","secret":"DEEPSEEK_API_KEY","version":"3"}],"revision":"proxydeepseek-00017-zeh","maxInstanceRequestConcurrency":80,"availableCpu":"1"},"state":"ACTIVE","labels":{"deployment-tool":"cli-firebase","firebase-functions-hash":"520a1cc7276375a4be3280a4948ed72722a3c721"},"environment":"GEN_2","url":"https://us-central1-matheus-35023.cloudfunctions.net/proxyDeepSeek","satisfiesPzi":true},"stages":[{"name":"BUILD","message":"Build in progress","state":"IN_PROGRESS","resource":"projects/1011113149395/locations/us-central1/builds/9fa99cc7-f1dc-47a1-a6ef-9f3c5ad7594a","resourceUri":"https://console.cloud.google.com/cloud-build/builds;region=us-central1/9fa99cc7-f1dc-47a1-a6ef-9f3c5ad7594a?project=1011113149395"},{"name":"SERVICE","state":"NOT_STARTED"}],"operationType":"UPDATE_FUNCTION","buildName":"projects/1011113149395/locations/us-central1/builds/9fa99cc7-f1dc-47a1-a6ef-9f3c5ad7594a"},"done":false}
[debug] [2025-08-05T00:44:20.340Z] [update-default-us-central1-proxyDeepSeek] Retrying task index 0
[debug] [2025-08-05T00:44:20.341Z] Checked if tokens are valid: true, expires at: 1754355722318
[debug] [2025-08-05T00:44:20.341Z] Checked if tokens are valid: true, expires at: 1754355722318
[debug] [2025-08-05T00:44:20.341Z] >>> [apiv2][query] GET https://cloudfunctions.googleapis.com/v2/projects/matheus-35023/locations/us-central1/operations/operation-1754354639084-63b9385129c81-1efad93e-bb41230b [none]
[debug] [2025-08-05T00:44:21.340Z] <<< [apiv2][status] GET https://cloudfunctions.googleapis.com/v2/projects/matheus-35023/locations/us-central1/operations/operation-1754354639084-63b9385129c81-1efad93e-bb41230b 200
[debug] [2025-08-05T00:44:21.341Z] <<< [apiv2][body] GET https://cloudfunctions.googleapis.com/v2/projects/matheus-35023/locations/us-central1/operations/operation-1754354639084-63b9385129c81-1efad93e-bb41230b {"name":"projects/matheus-35023/locations/us-central1/operations/operation-1754354639084-63b9385129c81-1efad93e-bb41230b","metadata":{"@type":"type.googleapis.com/google.cloud.functions.v2.OperationMetadata","createTime":"2025-08-05T00:44:00.038024369Z","target":"projects/matheus-35023/locations/us-central1/functions/proxyDeepSeek","verb":"update","cancelRequested":false,"apiVersion":"v2","requestResource":{"@type":"type.googleapis.com/google.cloud.functions.v2.Function","name":"projects/matheus-35023/locations/us-central1/functions/proxyDeepSeek","buildConfig":{"runtime":"nodejs18","entryPoint":"proxyDeepSeek","source":{"storageSource":{"bucket":"gcf-v2-sources-1011113149395-us-central1","object":"proxyDeepSeek/function-source.zip","generation":"1754354639971660"}},"environmentVariables":{"GOOGLE_NODE_RUN_SCRIPTS":""},"dockerRepository":"projects/matheus-35023/locations/us-central1/repositories/gcf-artifacts","sourceProvenance":{"resolvedStorageSource":{"bucket":"gcf-v2-sources-1011113149395-us-central1","object":"proxyDeepSeek/function-source.zip","generation":"1754351766533617"}},"dockerRegistry":"ARTIFACT_REGISTRY","serviceAccount":"projects/matheus-35023/serviceAccounts/1011113149395-compute@developer.gserviceaccount.com","automaticUpdatePolicy":{}},"serviceConfig":{"service":"projects/matheus-35023/locations/us-central1/services/proxydeepseek","timeoutSeconds":60,"environmentVariables":{"FIREBASE_CONFIG":"{\"projectId\":\"matheus-35023\",\"storageBucket\":\"matheus-35023.firebasestorage.app\"}","GCLOUD_PROJECT":"matheus-35023","EVENTARC_CLOUD_EVENT_SOURCE":"projects/matheus-35023/locations/us-central1/services/proxyDeepSeek","FUNCTION_TARGET":"proxyDeepSeek","LOG_EXECUTION_ID":"true","FUNCTION_SIGNATURE_TYPE":"http"},"ingressSettings":"ALLOW_ALL","uri":"https://proxydeepseek-g6u4niudyq-uc.a.run.app","serviceAccountEmail":"1011113149395-compute@developer.gserviceaccount.com","availableMemory":"256Mi","allTrafficOnLatestRevision":true,"secretEnvironmentVariables":[{"key":"DEEPSEEK_API_KEY","projectId":"matheus-35023","secret":"DEEPSEEK_API_KEY","version":"3"}],"revision":"proxydeepseek-00017-zeh","maxInstanceRequestConcurrency":80,"availableCpu":"1"},"state":"ACTIVE","labels":{"deployment-tool":"cli-firebase","firebase-functions-hash":"520a1cc7276375a4be3280a4948ed72722a3c721"},"environment":"GEN_2","url":"https://us-central1-matheus-35023.cloudfunctions.net/proxyDeepSeek","satisfiesPzi":true},"stages":[{"name":"BUILD","message":"Build in progress","state":"IN_PROGRESS","resource":"projects/1011113149395/locations/us-central1/builds/9fa99cc7-f1dc-47a1-a6ef-9f3c5ad7594a","resourceUri":"https://console.cloud.google.com/cloud-build/builds;region=us-central1/9fa99cc7-f1dc-47a1-a6ef-9f3c5ad7594a?project=1011113149395"},{"name":"SERVICE","state":"NOT_STARTED"}],"operationType":"UPDATE_FUNCTION","buildName":"projects/1011113149395/locations/us-central1/builds/9fa99cc7-f1dc-47a1-a6ef-9f3c5ad7594a"},"done":false}
[debug] [2025-08-05T00:44:31.352Z] [update-default-us-central1-proxyDeepSeek] Retrying task index 0
[debug] [2025-08-05T00:44:31.352Z] Checked if tokens are valid: true, expires at: 1754355722318
[debug] [2025-08-05T00:44:31.352Z] Checked if tokens are valid: true, expires at: 1754355722318
[debug] [2025-08-05T00:44:31.353Z] >>> [apiv2][query] GET https://cloudfunctions.googleapis.com/v2/projects/matheus-35023/locations/us-central1/operations/operation-1754354639084-63b9385129c81-1efad93e-bb41230b [none]
[debug] [2025-08-05T00:44:32.388Z] <<< [apiv2][status] GET https://cloudfunctions.googleapis.com/v2/projects/matheus-35023/locations/us-central1/operations/operation-1754354639084-63b9385129c81-1efad93e-bb41230b 200
[debug] [2025-08-05T00:44:32.389Z] <<< [apiv2][body] GET https://cloudfunctions.googleapis.com/v2/projects/matheus-35023/locations/us-central1/operations/operation-1754354639084-63b9385129c81-1efad93e-bb41230b {"name":"projects/matheus-35023/locations/us-central1/operations/operation-1754354639084-63b9385129c81-1efad93e-bb41230b","metadata":{"@type":"type.googleapis.com/google.cloud.functions.v2.OperationMetadata","createTime":"2025-08-05T00:44:00.038024369Z","target":"projects/matheus-35023/locations/us-central1/functions/proxyDeepSeek","verb":"update","cancelRequested":false,"apiVersion":"v2","requestResource":{"@type":"type.googleapis.com/google.cloud.functions.v2.Function","name":"projects/matheus-35023/locations/us-central1/functions/proxyDeepSeek","buildConfig":{"runtime":"nodejs18","entryPoint":"proxyDeepSeek","source":{"storageSource":{"bucket":"gcf-v2-sources-1011113149395-us-central1","object":"proxyDeepSeek/function-source.zip","generation":"1754354639971660"}},"environmentVariables":{"GOOGLE_NODE_RUN_SCRIPTS":""},"dockerRepository":"projects/matheus-35023/locations/us-central1/repositories/gcf-artifacts","sourceProvenance":{"resolvedStorageSource":{"bucket":"gcf-v2-sources-1011113149395-us-central1","object":"proxyDeepSeek/function-source.zip","generation":"1754351766533617"}},"dockerRegistry":"ARTIFACT_REGISTRY","serviceAccount":"projects/matheus-35023/serviceAccounts/1011113149395-compute@developer.gserviceaccount.com","automaticUpdatePolicy":{}},"serviceConfig":{"service":"projects/matheus-35023/locations/us-central1/services/proxydeepseek","timeoutSeconds":60,"environmentVariables":{"FIREBASE_CONFIG":"{\"projectId\":\"matheus-35023\",\"storageBucket\":\"matheus-35023.firebasestorage.app\"}","GCLOUD_PROJECT":"matheus-35023","EVENTARC_CLOUD_EVENT_SOURCE":"projects/matheus-35023/locations/us-central1/services/proxyDeepSeek","FUNCTION_TARGET":"proxyDeepSeek","LOG_EXECUTION_ID":"true","FUNCTION_SIGNATURE_TYPE":"http"},"ingressSettings":"ALLOW_ALL","uri":"https://proxydeepseek-g6u4niudyq-uc.a.run.app","serviceAccountEmail":"1011113149395-compute@developer.gserviceaccount.com","availableMemory":"256Mi","allTrafficOnLatestRevision":true,"secretEnvironmentVariables":[{"key":"DEEPSEEK_API_KEY","projectId":"matheus-35023","secret":"DEEPSEEK_API_KEY","version":"3"}],"revision":"proxydeepseek-00017-zeh","maxInstanceRequestConcurrency":80,"availableCpu":"1"},"state":"ACTIVE","labels":{"deployment-tool":"cli-firebase","firebase-functions-hash":"520a1cc7276375a4be3280a4948ed72722a3c721"},"environment":"GEN_2","url":"https://us-central1-matheus-35023.cloudfunctions.net/proxyDeepSeek","satisfiesPzi":true},"stages":[{"name":"BUILD","message":"Build in progress","state":"IN_PROGRESS","resource":"projects/1011113149395/locations/us-central1/builds/9fa99cc7-f1dc-47a1-a6ef-9f3c5ad7594a","resourceUri":"https://console.cloud.google.com/cloud-build/builds;region=us-central1/9fa99cc7-f1dc-47a1-a6ef-9f3c5ad7594a?project=1011113149395"},{"name":"SERVICE","state":"NOT_STARTED"}],"operationType":"UPDATE_FUNCTION","buildName":"projects/1011113149395/locations/us-central1/builds/9fa99cc7-f1dc-47a1-a6ef-9f3c5ad7594a"},"done":false}
[debug] [2025-08-05T00:44:42.395Z] [update-default-us-central1-proxyDeepSeek] Retrying task index 0
[debug] [2025-08-05T00:44:42.396Z] Checked if tokens are valid: true, expires at: 1754355722318
[debug] [2025-08-05T00:44:42.396Z] Checked if tokens are valid: true, expires at: 1754355722318
[debug] [2025-08-05T00:44:42.396Z] >>> [apiv2][query] GET https://cloudfunctions.googleapis.com/v2/projects/matheus-35023/locations/us-central1/operations/operation-1754354639084-63b9385129c81-1efad93e-bb41230b [none]
[debug] [2025-08-05T00:44:43.415Z] <<< [apiv2][status] GET https://cloudfunctions.googleapis.com/v2/projects/matheus-35023/locations/us-central1/operations/operation-1754354639084-63b9385129c81-1efad93e-bb41230b 200
[debug] [2025-08-05T00:44:43.415Z] <<< [apiv2][body] GET https://cloudfunctions.googleapis.com/v2/projects/matheus-35023/locations/us-central1/operations/operation-1754354639084-63b9385129c81-1efad93e-bb41230b {"name":"projects/matheus-35023/locations/us-central1/operations/operation-1754354639084-63b9385129c81-1efad93e-bb41230b","metadata":{"@type":"type.googleapis.com/google.cloud.functions.v2.OperationMetadata","createTime":"2025-08-05T00:44:00.038024369Z","target":"projects/matheus-35023/locations/us-central1/functions/proxyDeepSeek","verb":"update","cancelRequested":false,"apiVersion":"v2","requestResource":{"@type":"type.googleapis.com/google.cloud.functions.v2.Function","name":"projects/matheus-35023/locations/us-central1/functions/proxyDeepSeek","buildConfig":{"runtime":"nodejs18","entryPoint":"proxyDeepSeek","source":{"storageSource":{"bucket":"gcf-v2-sources-1011113149395-us-central1","object":"proxyDeepSeek/function-source.zip","generation":"1754354639971660"}},"environmentVariables":{"GOOGLE_NODE_RUN_SCRIPTS":""},"dockerRepository":"projects/matheus-35023/locations/us-central1/repositories/gcf-artifacts","sourceProvenance":{"resolvedStorageSource":{"bucket":"gcf-v2-sources-1011113149395-us-central1","object":"proxyDeepSeek/function-source.zip","generation":"1754351766533617"}},"dockerRegistry":"ARTIFACT_REGISTRY","serviceAccount":"projects/matheus-35023/serviceAccounts/1011113149395-compute@developer.gserviceaccount.com","automaticUpdatePolicy":{}},"serviceConfig":{"service":"projects/matheus-35023/locations/us-central1/services/proxydeepseek","timeoutSeconds":60,"environmentVariables":{"FIREBASE_CONFIG":"{\"projectId\":\"matheus-35023\",\"storageBucket\":\"matheus-35023.firebasestorage.app\"}","GCLOUD_PROJECT":"matheus-35023","EVENTARC_CLOUD_EVENT_SOURCE":"projects/matheus-35023/locations/us-central1/services/proxyDeepSeek","FUNCTION_TARGET":"proxyDeepSeek","LOG_EXECUTION_ID":"true","FUNCTION_SIGNATURE_TYPE":"http"},"ingressSettings":"ALLOW_ALL","uri":"https://proxydeepseek-g6u4niudyq-uc.a.run.app","serviceAccountEmail":"1011113149395-compute@developer.gserviceaccount.com","availableMemory":"256Mi","allTrafficOnLatestRevision":true,"secretEnvironmentVariables":[{"key":"DEEPSEEK_API_KEY","projectId":"matheus-35023","secret":"DEEPSEEK_API_KEY","version":"3"}],"revision":"proxydeepseek-00017-zeh","maxInstanceRequestConcurrency":80,"availableCpu":"1"},"state":"ACTIVE","labels":{"deployment-tool":"cli-firebase","firebase-functions-hash":"520a1cc7276375a4be3280a4948ed72722a3c721"},"environment":"GEN_2","url":"https://us-central1-matheus-35023.cloudfunctions.net/proxyDeepSeek","satisfiesPzi":true},"stages":[{"name":"BUILD","message":"Build in progress","state":"IN_PROGRESS","resource":"projects/1011113149395/locations/us-central1/builds/9fa99cc7-f1dc-47a1-a6ef-9f3c5ad7594a","resourceUri":"https://console.cloud.google.com/cloud-build/builds;region=us-central1/9fa99cc7-f1dc-47a1-a6ef-9f3c5ad7594a?project=1011113149395"},{"name":"SERVICE","state":"NOT_STARTED"}],"operationType":"UPDATE_FUNCTION","buildName":"projects/1011113149395/locations/us-central1/builds/9fa99cc7-f1dc-47a1-a6ef-9f3c5ad7594a"},"done":false}
[debug] [2025-08-05T00:44:53.420Z] [update-default-us-central1-proxyDeepSeek] Retrying task index 0
[debug] [2025-08-05T00:44:53.421Z] Checked if tokens are valid: true, expires at: 1754355722318
[debug] [2025-08-05T00:44:53.422Z] Checked if tokens are valid: true, expires at: 1754355722318
[debug] [2025-08-05T00:44:53.422Z] >>> [apiv2][query] GET https://cloudfunctions.googleapis.com/v2/projects/matheus-35023/locations/us-central1/operations/operation-1754354639084-63b9385129c81-1efad93e-bb41230b [none]
[debug] [2025-08-05T00:44:54.451Z] <<< [apiv2][status] GET https://cloudfunctions.googleapis.com/v2/projects/matheus-35023/locations/us-central1/operations/operation-1754354639084-63b9385129c81-1efad93e-bb41230b 200
[debug] [2025-08-05T00:44:54.451Z] <<< [apiv2][body] GET https://cloudfunctions.googleapis.com/v2/projects/matheus-35023/locations/us-central1/operations/operation-1754354639084-63b9385129c81-1efad93e-bb41230b {"name":"projects/matheus-35023/locations/us-central1/operations/operation-1754354639084-63b9385129c81-1efad93e-bb41230b","metadata":{"@type":"type.googleapis.com/google.cloud.functions.v2.OperationMetadata","createTime":"2025-08-05T00:44:00.038024369Z","target":"projects/matheus-35023/locations/us-central1/functions/proxyDeepSeek","verb":"update","cancelRequested":false,"apiVersion":"v2","requestResource":{"@type":"type.googleapis.com/google.cloud.functions.v2.Function","name":"projects/matheus-35023/locations/us-central1/functions/proxyDeepSeek","buildConfig":{"runtime":"nodejs18","entryPoint":"proxyDeepSeek","source":{"storageSource":{"bucket":"gcf-v2-sources-1011113149395-us-central1","object":"proxyDeepSeek/function-source.zip","generation":"1754354639971660"}},"environmentVariables":{"GOOGLE_NODE_RUN_SCRIPTS":""},"dockerRepository":"projects/matheus-35023/locations/us-central1/repositories/gcf-artifacts","sourceProvenance":{"resolvedStorageSource":{"bucket":"gcf-v2-sources-1011113149395-us-central1","object":"proxyDeepSeek/function-source.zip","generation":"1754351766533617"}},"dockerRegistry":"ARTIFACT_REGISTRY","serviceAccount":"projects/matheus-35023/serviceAccounts/1011113149395-compute@developer.gserviceaccount.com","automaticUpdatePolicy":{}},"serviceConfig":{"service":"projects/matheus-35023/locations/us-central1/services/proxydeepseek","timeoutSeconds":60,"environmentVariables":{"FIREBASE_CONFIG":"{\"projectId\":\"matheus-35023\",\"storageBucket\":\"matheus-35023.firebasestorage.app\"}","GCLOUD_PROJECT":"matheus-35023","EVENTARC_CLOUD_EVENT_SOURCE":"projects/matheus-35023/locations/us-central1/services/proxyDeepSeek","FUNCTION_TARGET":"proxyDeepSeek","LOG_EXECUTION_ID":"true","FUNCTION_SIGNATURE_TYPE":"http"},"ingressSettings":"ALLOW_ALL","uri":"https://proxydeepseek-g6u4niudyq-uc.a.run.app","serviceAccountEmail":"1011113149395-compute@developer.gserviceaccount.com","availableMemory":"256Mi","allTrafficOnLatestRevision":true,"secretEnvironmentVariables":[{"key":"DEEPSEEK_API_KEY","projectId":"matheus-35023","secret":"DEEPSEEK_API_KEY","version":"3"}],"revision":"proxydeepseek-00017-zeh","maxInstanceRequestConcurrency":80,"availableCpu":"1"},"state":"ACTIVE","labels":{"deployment-tool":"cli-firebase","firebase-functions-hash":"520a1cc7276375a4be3280a4948ed72722a3c721"},"environment":"GEN_2","url":"https://us-central1-matheus-35023.cloudfunctions.net/proxyDeepSeek","satisfiesPzi":true},"stages":[{"name":"BUILD","message":"Build in progress","state":"IN_PROGRESS","resource":"projects/1011113149395/locations/us-central1/builds/9fa99cc7-f1dc-47a1-a6ef-9f3c5ad7594a","resourceUri":"https://console.cloud.google.com/cloud-build/builds;region=us-central1/9fa99cc7-f1dc-47a1-a6ef-9f3c5ad7594a?project=1011113149395"},{"name":"SERVICE","state":"NOT_STARTED"}],"operationType":"UPDATE_FUNCTION","buildName":"projects/1011113149395/locations/us-central1/builds/9fa99cc7-f1dc-47a1-a6ef-9f3c5ad7594a"},"done":false}
[debug] [2025-08-05T00:45:04.458Z] [update-default-us-central1-proxyDeepSeek] Retrying task index 0
[debug] [2025-08-05T00:45:04.459Z] Checked if tokens are valid: true, expires at: 1754355722318
[debug] [2025-08-05T00:45:04.460Z] Checked if tokens are valid: true, expires at: 1754355722318
[debug] [2025-08-05T00:45:04.460Z] >>> [apiv2][query] GET https://cloudfunctions.googleapis.com/v2/projects/matheus-35023/locations/us-central1/operations/operation-1754354639084-63b9385129c81-1efad93e-bb41230b [none]
[debug] [2025-08-05T00:45:05.567Z] <<< [apiv2][status] GET https://cloudfunctions.googleapis.com/v2/projects/matheus-35023/locations/us-central1/operations/operation-1754354639084-63b9385129c81-1efad93e-bb41230b 200
[debug] [2025-08-05T00:45:05.568Z] <<< [apiv2][body] GET https://cloudfunctions.googleapis.com/v2/projects/matheus-35023/locations/us-central1/operations/operation-1754354639084-63b9385129c81-1efad93e-bb41230b {"name":"projects/matheus-35023/locations/us-central1/operations/operation-1754354639084-63b9385129c81-1efad93e-bb41230b","metadata":{"@type":"type.googleapis.com/google.cloud.functions.v2.OperationMetadata","createTime":"2025-08-05T00:44:00.038024369Z","endTime":"2025-08-05T00:45:00.533999034Z","target":"projects/matheus-35023/locations/us-central1/functions/proxyDeepSeek","verb":"update","cancelRequested":false,"apiVersion":"v2","requestResource":{"@type":"type.googleapis.com/google.cloud.functions.v2.Function","name":"projects/matheus-35023/locations/us-central1/functions/proxyDeepSeek","buildConfig":{"runtime":"nodejs18","entryPoint":"proxyDeepSeek","source":{"storageSource":{"bucket":"gcf-v2-sources-1011113149395-us-central1","object":"proxyDeepSeek/function-source.zip","generation":"1754354639971660"}},"environmentVariables":{"GOOGLE_NODE_RUN_SCRIPTS":""},"dockerRepository":"projects/matheus-35023/locations/us-central1/repositories/gcf-artifacts","sourceProvenance":{"resolvedStorageSource":{"bucket":"gcf-v2-sources-1011113149395-us-central1","object":"proxyDeepSeek/function-source.zip","generation":"1754351766533617"}},"dockerRegistry":"ARTIFACT_REGISTRY","serviceAccount":"projects/matheus-35023/serviceAccounts/1011113149395-compute@developer.gserviceaccount.com","automaticUpdatePolicy":{}},"serviceConfig":{"service":"projects/matheus-35023/locations/us-central1/services/proxydeepseek","timeoutSeconds":60,"environmentVariables":{"FIREBASE_CONFIG":"{\"projectId\":\"matheus-35023\",\"storageBucket\":\"matheus-35023.firebasestorage.app\"}","GCLOUD_PROJECT":"matheus-35023","EVENTARC_CLOUD_EVENT_SOURCE":"projects/matheus-35023/locations/us-central1/services/proxyDeepSeek","FUNCTION_TARGET":"proxyDeepSeek","LOG_EXECUTION_ID":"true","FUNCTION_SIGNATURE_TYPE":"http"},"ingressSettings":"ALLOW_ALL","uri":"https://proxydeepseek-g6u4niudyq-uc.a.run.app","serviceAccountEmail":"1011113149395-compute@developer.gserviceaccount.com","availableMemory":"256Mi","allTrafficOnLatestRevision":true,"secretEnvironmentVariables":[{"key":"DEEPSEEK_API_KEY","projectId":"matheus-35023","secret":"DEEPSEEK_API_KEY","version":"3"}],"revision":"proxydeepseek-00017-zeh","maxInstanceRequestConcurrency":80,"availableCpu":"1"},"state":"ACTIVE","labels":{"deployment-tool":"cli-firebase","firebase-functions-hash":"520a1cc7276375a4be3280a4948ed72722a3c721"},"environment":"GEN_2","url":"https://us-central1-matheus-35023.cloudfunctions.net/proxyDeepSeek","satisfiesPzi":true},"stages":[{"name":"SERVICE","state":"NOT_STARTED"}],"operationType":"UPDATE_FUNCTION"},"done":true,"error":{"code":3,"message":"Build failed with status: FAILURE and message: npm error code EUSAGE\nnpm error\nnpm error `npm ci` can only install packages when your package.json and package-lock.json or npm-shrinkwrap.json are in sync. Please update your lock file with `npm install` before continuing.\nnpm error\nnpm error Missing: dotenv@17.2.1 from lock file\nnpm error Invalid: lock file's firebase-functions@4.9.0 does not satisfy firebase-functions@6.4.0\nnpm error Missing: firebase-functions-test@3.4.1 from lock file\nnpm error Missing: jest@30.0.5 from lock file\nnpm error Missing: @types/lodash@4.17.20 from lock file\nnpm error Missing: lodash@4.17.21 from lock file\nnpm error Missing: ts-deepmerge@2.0.7 from lock file\nnpm error Missing: @jest/core@30.0.5 from lock file\nnpm error Missing: @jest/types@30.0.5 from lock file\nnpm error Missing: import-local@3.2.0 from lock file\nnpm error Missing: jest-cli@30.0.5 from lock file\nnpm error Missing: @jest/console@30.0.5 from lock file\nnpm error Missing: @jest/pattern@30.0.1 from lock file\nnpm error Missing: @jest/reporters@30.0.5 from lock file\nnpm error Missing: @jest/test-result@30.0.5 from lock file\nnpm error Missing: @jest/transform@30.0.5 from lock file\nnpm error Missing: ansi-escapes@4.3.2 from lock file\nnpm error Missing: chalk@4.1.2 from lock file\nnpm error Missing: ci-info@4.3.0 from lock file\nnpm error Missing: exit-x@0.2.2 from lock file\nnpm error Missing: graceful-fs@4.2.11 from lock file\nnpm error Missing: jest-changed-files@30.0.5 from lock file\nnpm error Missing: jest-config@30.0.5 from lock file\nnpm error Missing: jest-haste-map@30.0.5 from lock file\nnpm error Missing: jest-message-util@30.0.5 from lock file\nnpm error Missing: jest-regex-util@30.0.1 from lock file\nnpm error Missing: jest-resolve@30.0.5 from lock file\nnpm error Missing: jest-resolve-dependencies@30.0.5 from lock file\nnpm error Missing: jest-runner@30.0.5 from lock file\nnpm error Missing: jest-runtime@30.0.5 from lock file\nnpm error Missing: jest-snapshot@30.0.5 from lock file\nnpm error Missing: jest-util@30.0.5 from lock file\nnpm error Missing: jest-validate@30.0.5 from lock file\nnpm error Missing: jest-watcher@30.0.5 from lock file\nnpm error Missing: micromatch@4.0.8 from lock file\nnpm error Missing: pretty-format@30.0.5 from lock file\nnpm error Missing: slash@3.0.0 from lock file\nnpm error Missing: @bcoe/v8-coverage@0.2.3 from lock file\nnpm error Missing: @jridgewell/trace-mapping@0.3.29 from lock file\nnpm error Missing: collect-v8-coverage@1.0.2 from lock file\nnpm error Missing: glob@10.4.5 from lock file\nnpm error Missing: istanbul-lib-coverage@3.2.2 from lock file\nnpm error Missing: istanbul-lib-instrument@6.0.3 from lock file\nnpm error Missing: istanbul-lib-report@3.0.1 from lock file\nnpm error Missing: istanbul-lib-source-maps@5.0.6 from lock file\nnpm error Missing: istanbul-reports@3.1.7 from lock file\nnpm error Missing: jest-worker@30.0.5 from lock file\nnpm error Missing: string-length@4.0.2 from lock file\nnpm error Missing: v8-to-istanbul@9.3.0 from lock file\nnpm error Missing: @types/istanbul-lib-coverage@2.0.6 from lock file\nnpm error Missing: @babel/core@7.28.0 from lock file\nnpm error Missing: babel-plugin-istanbul@7.0.0 from lock file\nnpm error Missing: convert-source-map@2.0.0 from lock file\nnpm error Missing: fast-json-stable-stringify@2.1.0 from lock file\nnpm error Missing: pirates@4.0.7 from lock file\nnpm error Missing: write-file-atomic@5.0.1 from lock file\nnpm error Missing: @ampproject/remapping@2.3.0 from lock file\nnpm error Missing: @babel/code-frame@7.27.1 from lock file\nnpm error Missing: @babel/generator@7.28.0 from lock file\nnpm error Missing: @babel/helper-compilation-targets@7.27.2 from lock file\nnpm error Missing: @babel/helper-module-transforms@7.27.3 from lock file\nnpm error Missing: @babel/helpers@7.28.2 from lock file\nnpm error Missing: @babel/parser@7.28.0 from lock file\nnpm error Missing: @babel/template@7.27.2 from lock file\nnpm error Missing: @babel/traverse@7.28.0 from lock file\nnpm error Missing: @babel/types@7.28.2 from lock file\nnpm error Missing: debug@4.4.1 from lock file\nnpm error Missing: gensync@1.0.0-beta.2 from lock file\nnpm error Missing: json5@2.2.3 from lock file\nnpm error Missing: semver@6.3.1 from lock file\nnpm error Missing: @jridgewell/gen-mapping@0.3.12 from lock file\nnpm error Missing: @babel/helper-validator-identifier@7.27.1 from lock file\nnpm error Missing: js-tokens@4.0.0 from lock file\nnpm error Missing: picocolors@1.1.1 from lock file\nnpm error Missing: jsesc@3.1.0 from lock file\nnpm error Missing: @babel/compat-data@7.28.0 from lock file\nnpm error Missing: @babel/helper-validator-option@7.27.1 from lock file\nnpm error Missing: browserslist@4.25.1 from lock file\nnpm error Missing: lru-cache@5.1.1 from lock file\nnpm error Missing: @babel/helper-module-imports@7.27.1 from lock file\nnpm error Missing: @babel/helper-globals@7.28.0 from lock file\nnpm error Missing: debug@4.4.1 from lock file\nnpm error Missing: @babel/helper-string-parser@7.27.1 from lock file\nnpm error Missing: @jest/schemas@30.0.5 from lock file\nnpm error Missing: @types/istanbul-reports@3.0.4 from lock file\nnpm error Missing: @types/yargs@17.0.33 from lock file\nnpm error Missing: @sinclair/typebox@0.34.38 from lock file\nnpm error Missing: @jridgewell/sourcemap-codec@1.5.4 from lock file\nnpm error Missing: @jridgewell/resolve-uri@3.1.2 from lock file\nnpm error Missing: @types/istanbul-lib-report@3.0.3 from lock file\nnpm error Missing: @types/yargs-parser@21.0.3 from lock file\nnpm error Missing: type-fest@0.21.3 from lock file\nnpm error Missing: @babel/helper-plugin-utils@7.27.1 from lock file\nnpm error Missing: @istanbuljs/load-nyc-config@1.1.0 from lock file\nnpm error Missing: @istanbuljs/schema@0.1.3 from lock file\nnpm error Missing: test-exclude@6.0.0 from lock file\nnpm error Missing: camelcase@5.3.1 from lock file\nnpm error Missing: find-up@4.1.0 from lock file\nnpm error Missing: get-package-type@0.1.0 from lock file\nnpm error Missing: js-yaml@3.14.1 from lock file\nnpm error Missing: resolve-from@5.0.0 from lock file\nnpm error Missing: caniuse-lite@1.0.30001731 from lock file\nnpm error Missing: electron-to-chromium@1.5.195 from lock file\nnpm error Missing: node-releases@2.0.19 from lock file\nnpm error Missing: update-browserslist-db@1.1.3 from lock file\nnpm error Missing: supports-color@7.2.0 from lock file\nnpm error Missing: locate-path@5.0.0 from lock file\nnpm error Missing: path-exists@4.0.0 from lock file\nnpm error Missing: foreground-child@3.3.1 from lock file\nnpm error Missing: jackspeak@3.4.3 from lock file\nnpm error Missing: minimatch@9.0.5 from lock file\nnpm error Missing: minipass@7.1.2 from lock file\nnpm error Missing: package-json-from-dist@1.0.1 from lock file\nnpm error Missing: path-scurry@1.11.1 from lock file\nnpm error Missing: cross-spawn@7.0.6 from lock file\nnpm error Missing: signal-exit@4.1.0 from lock file\nnpm error Missing: path-key@3.1.1 from lock file\nnpm error Missing: shebang-command@2.0.0 from lock file\nnpm error Missing: which@2.0.2 from lock file\nnpm error Missing: pkg-dir@4.2.0 from lock file\nnpm error Missing: resolve-cwd@3.0.0 from lock file\nnpm error Missing: semver@7.7.2 from lock file\nnpm error Missing: make-dir@4.0.0 from lock file\nnpm error Missing: debug@4.4.1 from lock file\nnpm error Missing: html-escaper@2.0.2 from lock file\nnpm error Missing: @isaacs/cliui@8.0.2 from lock file\nnpm error Missing: @pkgjs/parseargs@0.11.0 from lock file\nnpm error Missing: string-width@5.1.2 from lock file\nnpm error Missing: string-width-cjs@4.2.3 from lock file\nnpm error Missing: strip-ansi@7.1.0 from lock file\nnpm error Missing: strip-ansi-cjs@6.0.1 from lock file\nnpm error Missing: wrap-ansi@8.1.0 from lock file\nnpm error Missing: wrap-ansi-cjs@7.0.0 from lock file\nnpm error Missing: execa@5.1.1 from lock file\nnpm error Missing: get-stream@6.0.1 from lock file\nnpm error Missing: human-signals@2.1.0 from lock file\nnpm error Missing: merge-stream@2.0.0 from lock file\nnpm error Missing: npm-run-path@4.0.1 from lock file\nnpm error Missing: onetime@5.1.2 from lock file\nnpm error Missing: signal-exit@3.0.7 from lock file\nnpm error Missing: strip-final-newline@2.0.0 from lock file\nnpm error Missing: @jest/get-type@30.0.1 from lock file\nnpm error Missing: @jest/test-sequencer@30.0.5 from lock file\nnpm error Missing: babel-jest@30.0.5 from lock file\nnpm error Missing: deepmerge@4.3.1 from lock file\nnpm error Missing: jest-circus@30.0.5 from lock file\nnpm error Missing: jest-docblock@30.0.1 from lock file\nnpm error Missing: jest-environment-node@30.0.5 from lock file\nnpm error Missing: parse-json@5.2.0 from lock file\nnpm error Missing: strip-json-comments@3.1.1 from lock file\nnpm error Missing: @types/babel__core@7.20.5 from lock file\nnpm error Missing: babel-preset-jest@30.0.1 from lock file\nnpm error Missing: @types/babel__generator@7.27.0 from lock file\nnpm error Missing: @types/babel__template@7.4.4 from lock file\nnpm error Missing: @types/babel__traverse@7.28.0 from lock file\nnpm error Missing: babel-plugin-jest-hoist@30.0.1 from lock file\nnpm error Missing: babel-preset-current-node-syntax@1.2.0 from lock file\nnpm error Missing: @babel/plugin-syntax-async-generators@7.8.4 from lock file\nnpm error Missing: @babel/plugin-syntax-bigint@7.8.3 from lock file\nnpm error Missing: @babel/plugin-syntax-class-properties@7.12.13 from lock file\nnpm error Missing: @babel/plugin-syntax-class-static-block@7.14.5 from lock file\nnpm error Missing: @babel/plugin-syntax-import-attributes@7.27.1 from lock file\nnpm error Missing: @babel/plugin-syntax-import-meta@7.10.4 from lock file\nnpm error Missing: @babel/plugin-syntax-json-strings@7.8.3 from lock file\nnpm error Missing: @babel/plugin-syntax-logical-assignment-operators@7.10.4 from lock file\nnpm error Missing: @babel/plugin-syntax-nullish-coalescing-operator@7.8.3 from lock file\nnpm error Missing: @babel/plugin-syntax-numeric-separator@7.10.4 from lock file\nnpm error Missing: @babel/plugin-syntax-object-rest-spread@7.8.3 from lock file\nnpm error Missing: @babel/plugin-syntax-optional-catch-binding@7.8.3 from lock file\nnpm error Missing: @babel/plugin-syntax-optional-chaining@7.8.3 from lock file\nnpm error Missing: @babel/plugin-syntax-private-property-in-object@7.14.5 from lock file\nnpm error Missing: @babel/plugin-syntax-top-level-await@7.14.5 from lock file\nnpm error Missing: @jest/environment@30.0.5 from lock file\nnpm error Missing: @jest/expect@30.0.5 from lock file\nnpm error Missing: co@4.6.0 from lock file\nnpm error Missing: dedent@1.6.0 from lock file\nnpm error Missing: is-generator-fn@2.1.0 from lock file\nnpm error Missing: jest-each@30.0.5 from lock file\nnpm error Missing: jest-matcher-utils@30.0.5 from lock file\nnpm error Missing: pure-rand@7.0.1 from lock file\nnpm error Missing: stack-utils@2.0.6 from lock file\nnpm error Missing: @jest/fake-timers@30.0.5 from lock file\nnpm error Missing: jest-mock@30.0.5 from lock file\nnpm error Missing: expect@30.0.5 from lock file\nnpm error Missing: @sinonjs/fake-timers@13.0.5 from lock file\nnpm error Missing: @sinonjs/commons@3.0.1 from lock file\nnpm error Missing: type-detect@4.0.8 from lock file\nnpm error Missing: @jest/expect-utils@30.0.5 from lock file\nnpm error Missing: detect-newline@3.1.0 from lock file\nnpm error Missing: anymatch@3.1.3 from lock file\nnpm error Missing: fb-watchman@2.0.2 from lock file\nnpm error Missing: fsevents@2.3.3 from lock file\nnpm error Missing: walker@1.0.8 from lock file\nnpm error Missing: normalize-path@3.0.0 from lock file\nnpm error Missing: picomatch@2.3.1 from lock file\nnpm error Missing: bser@2.1.1 from lock file\nnpm error Missing: node-int64@0.4.0 from lock file\nnpm error Missing: jest-diff@30.0.5 from lock file\nnpm error Missing: @jest/diff-sequences@30.0.1 from lock file\nnpm error Missing: @types/stack-utils@2.0.3 from lock file\nnpm error Missing: jest-pnp-resolver@1.2.3 from lock file\nnpm error Missing: unrs-resolver@1.11.1 from lock file\nnpm error Missing: emittery@0.13.1 from lock file\nnpm error Missing: jest-leak-detector@30.0.5 from lock file\nnpm error Missing: source-map-support@0.5.13 from lock file\nnpm error Missing: @jest/globals@30.0.5 from lock file\nnpm error Missing: @jest/source-map@30.0.1 from lock file\nnpm error Missing: cjs-module-lexer@2.1.0 from lock file\nnpm error Missing: strip-bom@4.0.0 from lock file\nnpm error Missing: callsites@3.1.0 from lock file\nnpm error Missing: @babel/plugin-syntax-jsx@7.27.1 from lock file\nnpm error Missing: @babel/plugin-syntax-typescript@7.27.1 from lock file\nnpm error Missing: @jest/snapshot-utils@30.0.5 from lock file\nnpm error Missing: semver@7.7.2 from lock file\nnpm error Missing: synckit@0.11.11 from lock file\nnpm error Missing: natural-compare@1.4.0 from lock file\nnpm error Missing: picomatch@4.0.3 from lock file\nnpm error Missing: camelcase@6.3.0 from lock file\nnpm error Missing: leven@3.1.0 from lock file\nnpm error Missing: @ungap/structured-clone@1.3.0 from lock file\nnpm error Missing: supports-color@8.1.1 from lock file\nnpm error Missing: argparse@1.0.10 from lock file\nnpm error Missing: esprima@4.0.1 from lock file\nnpm error Missing: sprintf-js@1.0.3 from lock file\nnpm error Missing: p-locate@4.1.0 from lock file\nnpm error Missing: yallist@3.1.1 from lock file\nnpm error Missing: semver@7.7.2 from lock file\nnpm error Missing: braces@3.0.3 from lock file\nnpm error Missing: fill-range@7.1.1 from lock file\nnpm error Missing: to-regex-range@5.0.1 from lock file\nnpm error Missing: brace-expansion@2.0.2 from lock file\nnpm error Missing: balanced-match@1.0.2 from lock file\nnpm error Missing: mimic-fn@2.1.0 from lock file\nnpm error Missing: p-limit@2.3.0 from lock file\nnpm error Missing: error-ex@1.3.2 from lock file\nnpm error Missing: json-parse-even-better-errors@2.3.1 from lock file\nnpm error Missing: lines-and-columns@1.2.4 from lock file\nnpm error Missing: is-arrayish@0.2.1 from lock file\nnpm error Missing: lru-cache@10.4.3 from lock file\nnpm error Missing: ansi-styles@5.2.0 from lock file\nnpm error Missing: react-is@18.3.1 from lock file\nnpm error Missing: shebang-regex@3.0.0 from lock file\nnpm error Missing: buffer-from@1.1.2 from lock file\nnpm error Missing: source-map@0.6.1 from lock file\nnpm error Missing: escape-string-regexp@2.0.0 from lock file\nnpm error Missing: char-regex@1.0.2 from lock file\nnpm error Missing: strip-ansi@6.0.1 from lock file\nnpm error Missing: eastasianwidth@0.2.0 from lock file\nnpm error Missing: emoji-regex@9.2.2 from lock file\nnpm error Missing: emoji-regex@8.0.0 from lock file\nnpm error Missing: strip-ansi@6.0.1 from lock file\nnpm error Missing: ansi-regex@6.1.0 from lock file\nnpm error Missing: ansi-regex@5.0.1 from lock file\nnpm error Missing: has-flag@4.0.0 from lock file\nnpm error Missing: @pkgr/core@0.2.9 from lock file\nnpm error Missing: glob@7.2.3 from lock file\nnpm error Missing: minimatch@3.1.2 from lock file\nnpm error Missing: is-number@7.0.0 from lock file\nnpm error Missing: @unrs/resolver-binding-android-arm-eabi@1.11.1 from lock file\nnpm error Missing: @unrs/resolver-binding-android-arm64@1.11.1 from lock file\nnpm error Missing: @unrs/resolver-binding-darwin-arm64@1.11.1 from lock file\nnpm error Missing: @unrs/resolver-binding-darwin-x64@1.11.1 from lock file\nnpm error Missing: @unrs/resolver-binding-freebsd-x64@1.11.1 from lock file\nnpm error Missing: @unrs/resolver-binding-linux-arm-gnueabihf@1.11.1 from lock file\nnpm error Missing: @unrs/resolver-binding-linux-arm-musleabihf@1.11.1 from lock file\nnpm error Missing: @unrs/resolver-binding-linux-arm64-gnu@1.11.1 from lock file\nnpm error Missing: @unrs/resolver-binding-linux-arm64-musl@1.11.1 from lock file\nnpm error Missing: @unrs/resolver-binding-linux-ppc64-gnu@1.11.1 from lock file\nnpm error Missing: @unrs/resolver-binding-linux-riscv64-gnu@1.11.1 from lock file\nnpm error Missing: @unrs/resolver-binding-linux-riscv64-musl@1.11.1 from lock file\nnpm error Missing: @unrs/resolver-binding-linux-s390x-gnu@1.11.1 from lock file\nnpm error Missing: @unrs/resolver-binding-linux-x64-gnu@1.11.1 from lock file\nnpm error Missing: @unrs/resolver-binding-linux-x64-musl@1.11.1 from lock file\nnpm error Missing: @unrs/resolver-binding-wasm32-wasi@1.11.1 from lock file\nnpm error Missing: @unrs/resolver-binding-win32-arm64-msvc@1.11.1 from lock file\nnpm error Missing: @unrs/resolver-binding-win32-ia32-msvc@1.11.1 from lock file\nnpm error Missing: @unrs/resolver-binding-win32-x64-msvc@1.11.1 from lock file\nnpm error Missing: napi-postinstall@0.3.2 from lock file\nnpm error Missing: @napi-rs/wasm-runtime@0.2.12 from lock file\nnpm error Missing: @emnapi/core@1.4.5 from lock file\nnpm error Missing: @emnapi/runtime@1.4.5 from lock file\nnpm error Missing: @tybys/wasm-util@0.10.0 from lock file\nnpm error Missing: @emnapi/wasi-threads@1.0.4 from lock file\nnpm error Missing: makeerror@1.0.12 from lock file\nnpm error Missing: tmpl@1.0.5 from lock file\nnpm error Missing: isexe@2.0.0 from lock file\nnpm error Missing: ansi-styles@6.2.1 from lock file\nnpm error Missing: string-width@4.2.3 from lock file\nnpm error Missing: strip-ansi@6.0.1 from lock file\nnpm error Missing: imurmurhash@0.1.4 from lock file\nnpm error Missing: ms@2.1.3 from lock file\nnpm error Missing: ms@2.1.3 from lock file\nnpm error Missing: ms@2.1.3 from lock file\nnpm error Missing: p-try@2.2.0 from lock file\nnpm error Missing: ansi-regex@5.0.1 from lock file\nnpm error Missing: ansi-regex@5.0.1 from lock file\nnpm error Missing: fs.realpath@1.0.0 from lock file\nnpm error Missing: inflight@1.0.6 from lock file\nnpm error Missing: path-is-absolute@1.0.1 from lock file\nnpm error Missing: brace-expansion@1.1.12 from lock file\nnpm error Missing: concat-map@0.0.1 from lock file\nnpm error Missing: emoji-regex@8.0.0 from lock file\nnpm error Missing: ansi-regex@5.0.1 from lock file\nnpm error\nnpm error Clean install a project\nnpm error\nnpm error Usage:\nnpm error npm ci\nnpm error\nnpm error Options:\nnpm error [--install-strategy <hoisted|nested|shallow|linked>] [--legacy-bundling]\nnpm error [--global-style] [--omit <dev|optional|peer> [--omit <dev|optional|peer> ...]]\nnpm error [--include <prod|dev|optional|peer> [--include <prod|dev|optional|peer> ...]]\nnpm error [--strict-peer-deps] [--foreground-scripts] [--ignore-scripts] [--no-audit]\nnpm error [--no-bin-links] [--no-fund] [--dry-run]\nnpm error [-w|--workspace <workspace-name> [-w|--workspace <workspace-name> ...]]\nnpm error [-ws|--workspaces] [--include-workspace-root] [--install-links]\nnpm error\nnpm error aliases: clean-install, ic, install-clean, isntall-clean\nnpm error\nnpm error Run \"npm help ci\" for more info\nnpm error A complete log of this run can be found in: /www-data-home/.npm/_logs/2025-08-05T00_44_25_708Z-debug-0.log. For more details see the logs at https://console.cloud.google.com/cloud-build/builds;region=us-central1/9fa99cc7-f1dc-47a1-a6ef-9f3c5ad7594a?project=1011113149395."}}
[debug] [2025-08-05T00:45:05.568Z] Got source token undefined for region us-central1
[error] Build failed with status: FAILURE and message: npm error code EUSAGE
npm error
npm error `npm ci` can only install packages when your package.json and package-lock.json or npm-shrinkwrap.json are in sync. Please update your lock file with `npm install` before continuing.
npm error
npm error Missing: dotenv@17.2.1 from lock file
npm error Invalid: lock file's firebase-functions@4.9.0 does not satisfy firebase-functions@6.4.0
npm error Missing: firebase-functions-test@3.4.1 from lock file
npm error Missing: jest@30.0.5 from lock file
npm error Missing: @types/lodash@4.17.20 from lock file
npm error Missing: lodash@4.17.21 from lock file
npm error Missing: ts-deepmerge@2.0.7 from lock file
npm error Missing: @jest/core@30.0.5 from lock file
npm error Missing: @jest/types@30.0.5 from lock file
npm error Missing: import-local@3.2.0 from lock file
npm error Missing: jest-cli@30.0.5 from lock file
npm error Missing: @jest/console@30.0.5 from lock file
npm error Missing: @jest/pattern@30.0.1 from lock file
npm error Missing: @jest/reporters@30.0.5 from lock file
npm error Missing: @jest/test-result@30.0.5 from lock file
npm error Missing: @jest/transform@30.0.5 from lock file
npm error Missing: ansi-escapes@4.3.2 from lock file
npm error Missing: chalk@4.1.2 from lock file
npm error Missing: ci-info@4.3.0 from lock file
npm error Missing: exit-x@0.2.2 from lock file
npm error Missing: graceful-fs@4.2.11 from lock file
npm error Missing: jest-changed-files@30.0.5 from lock file
npm error Missing: jest-config@30.0.5 from lock file
npm error Missing: jest-haste-map@30.0.5 from lock file
npm error Missing: jest-message-util@30.0.5 from lock file
npm error Missing: jest-regex-util@30.0.1 from lock file
npm error Missing: jest-resolve@30.0.5 from lock file
npm error Missing: jest-resolve-dependencies@30.0.5 from lock file
npm error Missing: jest-runner@30.0.5 from lock file
npm error Missing: jest-runtime@30.0.5 from lock file
npm error Missing: jest-snapshot@30.0.5 from lock file
npm error Missing: jest-util@30.0.5 from lock file
npm error Missing: jest-validate@30.0.5 from lock file
npm error Missing: jest-watcher@30.0.5 from lock file
npm error Missing: micromatch@4.0.8 from lock file
npm error Missing: pretty-format@30.0.5 from lock file
npm error Missing: slash@3.0.0 from lock file
npm error Missing: @bcoe/v8-coverage@0.2.3 from lock file
npm error Missing: @jridgewell/trace-mapping@0.3.29 from lock file
npm error Missing: collect-v8-coverage@1.0.2 from lock file
npm error Missing: glob@10.4.5 from lock file
npm error Missing: istanbul-lib-coverage@3.2.2 from lock file
npm error Missing: istanbul-lib-instrument@6.0.3 from lock file
npm error Missing: istanbul-lib-report@3.0.1 from lock file
npm error Missing: istanbul-lib-source-maps@5.0.6 from lock file
npm error Missing: istanbul-reports@3.1.7 from lock file
npm error Missing: jest-worker@30.0.5 from lock file
npm error Missing: string-length@4.0.2 from lock file
npm error Missing: v8-to-istanbul@9.3.0 from lock file
npm error Missing: @types/istanbul-lib-coverage@2.0.6 from lock file
npm error Missing: @babel/core@7.28.0 from lock file
npm error Missing: babel-plugin-istanbul@7.0.0 from lock file
npm error Missing: convert-source-map@2.0.0 from lock file
npm error Missing: fast-json-stable-stringify@2.1.0 from lock file
npm error Missing: pirates@4.0.7 from lock file
npm error Missing: write-file-atomic@5.0.1 from lock file
npm error Missing: @ampproject/remapping@2.3.0 from lock file
npm error Missing: @babel/code-frame@7.27.1 from lock file
npm error Missing: @babel/generator@7.28.0 from lock file
npm error Missing: @babel/helper-compilation-targets@7.27.2 from lock file
npm error Missing: @babel/helper-module-transforms@7.27.3 from lock file
npm error Missing: @babel/helpers@7.28.2 from lock file
npm error Missing: @babel/parser@7.28.0 from lock file
npm error Missing: @babel/template@7.27.2 from lock file
npm error Missing: @babel/traverse@7.28.0 from lock file
npm error Missing: @babel/types@7.28.2 from lock file
npm error Missing: debug@4.4.1 from lock file
npm error Missing: gensync@1.0.0-beta.2 from lock file
npm error Missing: json5@2.2.3 from lock file
npm error Missing: semver@6.3.1 from lock file
npm error Missing: @jridgewell/gen-mapping@0.3.12 from lock file
npm error Missing: @babel/helper-validator-identifier@7.27.1 from lock file
npm error Missing: js-tokens@4.0.0 from lock file
npm error Missing: picocolors@1.1.1 from lock file
npm error Missing: jsesc@3.1.0 from lock file
npm error Missing: @babel/compat-data@7.28.0 from lock file
npm error Missing: @babel/helper-validator-option@7.27.1 from lock file
npm error Missing: browserslist@4.25.1 from lock file
npm error Missing: lru-cache@5.1.1 from lock file
npm error Missing: @babel/helper-module-imports@7.27.1 from lock file
npm error Missing: @babel/helper-globals@7.28.0 from lock file
npm error Missing: debug@4.4.1 from lock file
npm error Missing: @babel/helper-string-parser@7.27.1 from lock file
npm error Missing: @jest/schemas@30.0.5 from lock file
npm error Missing: @types/istanbul-reports@3.0.4 from lock file
npm error Missing: @types/yargs@17.0.33 from lock file
npm error Missing: @sinclair/typebox@0.34.38 from lock file
npm error Missing: @jridgewell/sourcemap-codec@1.5.4 from lock file
npm error Missing: @jridgewell/resolve-uri@3.1.2 from lock file
npm error Missing: @types/istanbul-lib-report@3.0.3 from lock file
npm error Missing: @types/yargs-parser@21.0.3 from lock file
npm error Missing: type-fest@0.21.3 from lock file
npm error Missing: @babel/helper-plugin-utils@7.27.1 from lock file
npm error Missing: @istanbuljs/load-nyc-config@1.1.0 from lock file
npm error Missing: @istanbuljs/schema@0.1.3 from lock file
npm error Missing: test-exclude@6.0.0 from lock file
npm error Missing: camelcase@5.3.1 from lock file
npm error Missing: find-up@4.1.0 from lock file
npm error Missing: get-package-type@0.1.0 from lock file
npm error Missing: js-yaml@3.14.1 from lock file
npm error Missing: resolve-from@5.0.0 from lock file
npm error Missing: caniuse-lite@1.0.30001731 from lock file
npm error Missing: electron-to-chromium@1.5.195 from lock file
npm error Missing: node-releases@2.0.19 from lock file
npm error Missing: update-browserslist-db@1.1.3 from lock file
npm error Missing: supports-color@7.2.0 from lock file
npm error Missing: locate-path@5.0.0 from lock file
npm error Missing: path-exists@4.0.0 from lock file
npm error Missing: foreground-child@3.3.1 from lock file
npm error Missing: jackspeak@3.4.3 from lock file
npm error Missing: minimatch@9.0.5 from lock file
npm error Missing: minipass@7.1.2 from lock file
npm error Missing: package-json-from-dist@1.0.1 from lock file
npm error Missing: path-scurry@1.11.1 from lock file
npm error Missing: cross-spawn@7.0.6 from lock file
npm error Missing: signal-exit@4.1.0 from lock file
npm error Missing: path-key@3.1.1 from lock file
npm error Missing: shebang-command@2.0.0 from lock file
npm error Missing: which@2.0.2 from lock file
npm error Missing: pkg-dir@4.2.0 from lock file
npm error Missing: resolve-cwd@3.0.0 from lock file
npm error Missing: semver@7.7.2 from lock file
npm error Missing: make-dir@4.0.0 from lock file
npm error Missing: debug@4.4.1 from lock file
npm error Missing: html-escaper@2.0.2 from lock file
npm error Missing: @isaacs/cliui@8.0.2 from lock file
npm error Missing: @pkgjs/parseargs@0.11.0 from lock file
npm error Missing: string-width@5.1.2 from lock file
npm error Missing: string-width-cjs@4.2.3 from lock file
npm error Missing: strip-ansi@7.1.0 from lock file
npm error Missing: strip-ansi-cjs@6.0.1 from lock file
npm error Missing: wrap-ansi@8.1.0 from lock file
npm error Missing: wrap-ansi-cjs@7.0.0 from lock file
npm error Missing: execa@5.1.1 from lock file
npm error Missing: get-stream@6.0.1 from lock file
npm error Missing: human-signals@2.1.0 from lock file
npm error Missing: merge-stream@2.0.0 from lock file
npm error Missing: npm-run-path@4.0.1 from lock file
npm error Missing: onetime@5.1.2 from lock file
npm error Missing: signal-exit@3.0.7 from lock file
npm error Missing: strip-final-newline@2.0.0 from lock file
npm error Missing: @jest/get-type@30.0.1 from lock file
npm error Missing: @jest/test-sequencer@30.0.5 from lock file
npm error Missing: babel-jest@30.0.5 from lock file
npm error Missing: deepmerge@4.3.1 from lock file
npm error Missing: jest-circus@30.0.5 from lock file
npm error Missing: jest-docblock@30.0.1 from lock file
npm error Missing: jest-environment-node@30.0.5 from lock file
npm error Missing: parse-json@5.2.0 from lock file
npm error Missing: strip-json-comments@3.1.1 from lock file
npm error Missing: @types/babel__core@7.20.5 from lock file
npm error Missing: babel-preset-jest@30.0.1 from lock file
npm error Missing: @types/babel__generator@7.27.0 from lock file
npm error Missing: @types/babel__template@7.4.4 from lock file
npm error Missing: @types/babel__traverse@7.28.0 from lock file
npm error Missing: babel-plugin-jest-hoist@30.0.1 from lock file
npm error Missing: babel-preset-current-node-syntax@1.2.0 from lock file
npm error Missing: @babel/plugin-syntax-async-generators@7.8.4 from lock file
npm error Missing: @babel/plugin-syntax-bigint@7.8.3 from lock file
npm error Missing: @babel/plugin-syntax-class-properties@7.12.13 from lock file
npm error Missing: @babel/plugin-syntax-class-static-block@7.14.5 from lock file
npm error Missing: @babel/plugin-syntax-import-attributes@7.27.1 from lock file
npm error Missing: @babel/plugin-syntax-import-meta@7.10.4 from lock file
npm error Missing: @babel/plugin-syntax-json-strings@7.8.3 from lock file
npm error Missing: @babel/plugin-syntax-logical-assignment-operators@7.10.4 from lock file
npm error Missing: @babel/plugin-syntax-nullish-coalescing-operator@7.8.3 from lock file
npm error Missing: @babel/plugin-syntax-numeric-separator@7.10.4 from lock file
npm error Missing: @babel/plugin-syntax-object-rest-spread@7.8.3 from lock file
npm error Missing: @babel/plugin-syntax-optional-catch-binding@7.8.3 from lock file
npm error Missing: @babel/plugin-syntax-optional-chaining@7.8.3 from lock file
npm error Missing: @babel/plugin-syntax-private-property-in-object@7.14.5 from lock file
npm error Missing: @babel/plugin-syntax-top-level-await@7.14.5 from lock file
npm error Missing: @jest/environment@30.0.5 from lock file
npm error Missing: @jest/expect@30.0.5 from lock file
npm error Missing: co@4.6.0 from lock file
npm error Missing: dedent@1.6.0 from lock file
npm error Missing: is-generator-fn@2.1.0 from lock file
npm error Missing: jest-each@30.0.5 from lock file
npm error Missing: jest-matcher-utils@30.0.5 from lock file
npm error Missing: pure-rand@7.0.1 from lock file
npm error Missing: stack-utils@2.0.6 from lock file
npm error Missing: @jest/fake-timers@30.0.5 from lock file
npm error Missing: jest-mock@30.0.5 from lock file
npm error Missing: expect@30.0.5 from lock file
npm error Missing: @sinonjs/fake-timers@13.0.5 from lock file
npm error Missing: @sinonjs/commons@3.0.1 from lock file
npm error Missing: type-detect@4.0.8 from lock file
npm error Missing: @jest/expect-utils@30.0.5 from lock file
npm error Missing: detect-newline@3.1.0 from lock file
npm error Missing: anymatch@3.1.3 from lock file
npm error Missing: fb-watchman@2.0.2 from lock file
npm error Missing: fsevents@2.3.3 from lock file
npm error Missing: walker@1.0.8 from lock file
npm error Missing: normalize-path@3.0.0 from lock file
npm error Missing: picomatch@2.3.1 from lock file
npm error Missing: bser@2.1.1 from lock file
npm error Missing: node-int64@0.4.0 from lock file
npm error Missing: jest-diff@30.0.5 from lock file
npm error Missing: @jest/diff-sequences@30.0.1 from lock file
npm error Missing: @types/stack-utils@2.0.3 from lock file
npm error Missing: jest-pnp-resolver@1.2.3 from lock file
npm error Missing: unrs-resolver@1.11.1 from lock file
npm error Missing: emittery@0.13.1 from lock file
npm error Missing: jest-leak-detector@30.0.5 from lock file
npm error Missing: source-map-support@0.5.13 from lock file
npm error Missing: @jest/globals@30.0.5 from lock file
npm error Missing: @jest/source-map@30.0.1 from lock file
npm error Missing: cjs-module-lexer@2.1.0 from lock file
npm error Missing: strip-bom@4.0.0 from lock file
npm error Missing: callsites@3.1.0 from lock file
npm error Missing: @babel/plugin-syntax-jsx@7.27.1 from lock file
npm error Missing: @babel/plugin-syntax-typescript@7.27.1 from lock file
npm error Missing: @jest/snapshot-utils@30.0.5 from lock file
npm error Missing: semver@7.7.2 from lock file
npm error Missing: synckit@0.11.11 from lock file
npm error Missing: natural-compare@1.4.0 from lock file
npm error Missing: picomatch@4.0.3 from lock file
npm error Missing: camelcase@6.3.0 from lock file
npm error Missing: leven@3.1.0 from lock file
npm error Missing: @ungap/structured-clone@1.3.0 from lock file
npm error Missing: supports-color@8.1.1 from lock file
npm error Missing: argparse@1.0.10 from lock file
npm error Missing: esprima@4.0.1 from lock file
npm error Missing: sprintf-js@1.0.3 from lock file
npm error Missing: p-locate@4.1.0 from lock file
npm error Missing: yallist@3.1.1 from lock file
npm error Missing: semver@7.7.2 from lock file
npm error Missing: braces@3.0.3 from lock file
npm error Missing: fill-range@7.1.1 from lock file
npm error Missing: to-regex-range@5.0.1 from lock file
npm error Missing: brace-expansion@2.0.2 from lock file
npm error Missing: balanced-match@1.0.2 from lock file
npm error Missing: mimic-fn@2.1.0 from lock file
npm error Missing: p-limit@2.3.0 from lock file
npm error Missing: error-ex@1.3.2 from lock file
npm error Missing: json-parse-even-better-errors@2.3.1 from lock file
npm error Missing: lines-and-columns@1.2.4 from lock file
npm error Missing: is-arrayish@0.2.1 from lock file
npm error Missing: lru-cache@10.4.3 from lock file
npm error Missing: ansi-styles@5.2.0 from lock file
npm error Missing: react-is@18.3.1 from lock file
npm error Missing: shebang-regex@3.0.0 from lock file
npm error Missing: buffer-from@1.1.2 from lock file
npm error Missing: source-map@0.6.1 from lock file
npm error Missing: escape-string-regexp@2.0.0 from lock file
npm error Missing: char-regex@1.0.2 from lock file
npm error Missing: strip-ansi@6.0.1 from lock file
npm error Missing: eastasianwidth@0.2.0 from lock file
npm error Missing: emoji-regex@9.2.2 from lock file
npm error Missing: emoji-regex@8.0.0 from lock file
npm error Missing: strip-ansi@6.0.1 from lock file
npm error Missing: ansi-regex@6.1.0 from lock file
npm error Missing: ansi-regex@5.0.1 from lock file
npm error Missing: has-flag@4.0.0 from lock file
npm error Missing: @pkgr/core@0.2.9 from lock file
npm error Missing: glob@7.2.3 from lock file
npm error Missing: minimatch@3.1.2 from lock file
npm error Missing: is-number@7.0.0 from lock file
npm error Missing: @unrs/resolver-binding-android-arm-eabi@1.11.1 from lock file
npm error Missing: @unrs/resolver-binding-android-arm64@1.11.1 from lock file
npm error Missing: @unrs/resolver-binding-darwin-arm64@1.11.1 from lock file
npm error Missing: @unrs/resolver-binding-darwin-x64@1.11.1 from lock file
npm error Missing: @unrs/resolver-binding-freebsd-x64@1.11.1 from lock file
npm error Missing: @unrs/resolver-binding-linux-arm-gnueabihf@1.11.1 from lock file
npm error Missing: @unrs/resolver-binding-linux-arm-musleabihf@1.11.1 from lock file
npm error Missing: @unrs/resolver-binding-linux-arm64-gnu@1.11.1 from lock file
npm error Missing: @unrs/resolver-binding-linux-arm64-musl@1.11.1 from lock file
npm error Missing: @unrs/resolver-binding-linux-ppc64-gnu@1.11.1 from lock file
npm error Missing: @unrs/resolver-binding-linux-riscv64-gnu@1.11.1 from lock file
npm error Missing: @unrs/resolver-binding-linux-riscv64-musl@1.11.1 from lock file
npm error Missing: @unrs/resolver-binding-linux-s390x-gnu@1.11.1 from lock file
npm error Missing: @unrs/resolver-binding-linux-x64-gnu@1.11.1 from lock file
npm error Missing: @unrs/resolver-binding-linux-x64-musl@1.11.1 from lock file
npm error Missing: @unrs/resolver-binding-wasm32-wasi@1.11.1 from lock file
npm error Missing: @unrs/resolver-binding-win32-arm64-msvc@1.11.1 from lock file
npm error Missing: @unrs/resolver-binding-win32-ia32-msvc@1.11.1 from lock file
npm error Missing: @unrs/resolver-binding-win32-x64-msvc@1.11.1 from lock file
npm error Missing: napi-postinstall@0.3.2 from lock file
npm error Missing: @napi-rs/wasm-runtime@0.2.12 from lock file
npm error Missing: @emnapi/core@1.4.5 from lock file
npm error Missing: @emnapi/runtime@1.4.5 from lock file
npm error Missing: @tybys/wasm-util@0.10.0 from lock file
npm error Missing: @emnapi/wasi-threads@1.0.4 from lock file
npm error Missing: makeerror@1.0.12 from lock file
npm error Missing: tmpl@1.0.5 from lock file
npm error Missing: isexe@2.0.0 from lock file
npm error Missing: ansi-styles@6.2.1 from lock file
npm error Missing: string-width@4.2.3 from lock file
npm error Missing: strip-ansi@6.0.1 from lock file
npm error Missing: imurmurhash@0.1.4 from lock file
npm error Missing: ms@2.1.3 from lock file
npm error Missing: ms@2.1.3 from lock file
npm error Missing: ms@2.1.3 from lock file
npm error Missing: p-try@2.2.0 from lock file
npm error Missing: ansi-regex@5.0.1 from lock file
npm error Missing: ansi-regex@5.0.1 from lock file
npm error Missing: fs.realpath@1.0.0 from lock file
npm error Missing: inflight@1.0.6 from lock file
npm error Missing: path-is-absolute@1.0.1 from lock file
npm error Missing: brace-expansion@1.1.12 from lock file
npm error Missing: concat-map@0.0.1 from lock file
npm error Missing: emoji-regex@8.0.0 from lock file
npm error Missing: ansi-regex@5.0.1 from lock file
npm error
npm error Clean install a project
npm error
npm error Usage:
npm error npm ci
npm error
npm error Options:
npm error [--install-strategy <hoisted|nested|shallow|linked>] [--legacy-bundling]
npm error [--global-style] [--omit <dev|optional|peer> [--omit <dev|optional|peer> ...]]
npm error [--include <prod|dev|optional|peer> [--include <prod|dev|optional|peer> ...]]
npm error [--strict-peer-deps] [--foreground-scripts] [--ignore-scripts] [--no-audit]
npm error [--no-bin-links] [--no-fund] [--dry-run]
npm error [-w|--workspace <workspace-name> [-w|--workspace <workspace-name> ...]]
npm error [-ws|--workspaces] [--include-workspace-root] [--install-links]
npm error
npm error aliases: clean-install, ic, install-clean, isntall-clean
npm error
npm error Run "npm help ci" for more info
npm error A complete log of this run can be found in: /www-data-home/.npm/_logs/2025-08-05T00_44_25_708Z-debug-0.log. For more details see the logs at https://console.cloud.google.com/cloud-build/builds;region=us-central1/9fa99cc7-f1dc-47a1-a6ef-9f3c5ad7594a?project=1011113149395.
[debug] [2025-08-05T00:45:05.572Z] Total Function Deployment time: 67614
[debug] [2025-08-05T00:45:05.573Z] 1 Functions Deployed
[debug] [2025-08-05T00:45:05.573Z] 1 Functions Errored
[debug] [2025-08-05T00:45:05.573Z] 0 Function Deployments Aborted
[debug] [2025-08-05T00:45:05.573Z] Average Function Deployment time: 67613
[info] 
[info] Functions deploy had errors with the following functions:
	proxyDeepSeek(us-central1)
[debug] [2025-08-05T00:45:05.575Z] Not printing URL for HTTPS function. Typically this means it didn't match a filter or we failed deployment
[debug] [2025-08-05T00:45:05.575Z] Checked if tokens are valid: true, expires at: 1754355722318
[debug] [2025-08-05T00:45:05.576Z] Checked if tokens are valid: true, expires at: 1754355722318
[debug] [2025-08-05T00:45:05.576Z] >>> [apiv2][query] GET https://artifactregistry.googleapis.com/v1/projects/matheus-35023/locations/us-central1/repositories/gcf-artifacts [none]
[debug] [2025-08-05T00:45:06.773Z] <<< [apiv2][status] GET https://artifactregistry.googleapis.com/v1/projects/matheus-35023/locations/us-central1/repositories/gcf-artifacts 200
[debug] [2025-08-05T00:45:06.774Z] <<< [apiv2][body] GET https://artifactregistry.googleapis.com/v1/projects/matheus-35023/locations/us-central1/repositories/gcf-artifacts {"name":"projects/matheus-35023/locations/us-central1/repositories/gcf-artifacts","format":"DOCKER","description":"This repository is created and used by Cloud Functions for storing function docker images.","labels":{"goog-managed-by":"cloudfunctions"},"createTime":"2025-07-22T23:17:24.193288Z","updateTime":"2025-08-04T23:57:01.657218Z","mode":"STANDARD_REPOSITORY","cleanupPolicies":{"firebase-functions-cleanup":{"id":"firebase-functions-cleanup","action":"DELETE","condition":{"tagState":"ANY","olderThan":"86400s"}}},"sizeBytes":"190949577","vulnerabilityScanningConfig":{"lastEnableTime":"2025-07-22T23:17:08.894774133Z","enablementState":"SCANNING_DISABLED","enablementStateReason":"API containerscanning.googleapis.com is not enabled."},"satisfiesPzi":true,"registryUri":"us-central1-docker.pkg.dev/matheus-35023/gcf-artifacts"}
[debug] [2025-08-05T00:45:06.775Z] Functions deploy failed.
[debug] [2025-08-05T00:45:06.776Z] {
  "endpoint": {
    "id": "proxyDeepSeek",
    "project": "matheus-35023",
    "region": "us-central1",
    "entryPoint": "proxyDeepSeek",
    "platform": "gcfv2",
    "runtime": "nodejs18",
    "httpsTrigger": {},
    "labels": {
      "deployment-tool": "cli-firebase"
    },
    "secretEnvironmentVariables": [
      {
        "key": "DEEPSEEK_API_KEY",
        "secret": "DEEPSEEK_API_KEY",
        "projectId": "matheus-35023",
        "version": "3"
      }
    ],
    "serviceAccount": null,
    "ingressSettings": null,
    "availableMemoryMb": null,
    "timeoutSeconds": null,
    "maxInstances": null,
    "minInstances": null,
    "concurrency": 80,
    "vpc": null,
    "environmentVariables": {
      "FIREBASE_CONFIG": "{\"projectId\":\"matheus-35023\",\"storageBucket\":\"matheus-35023.firebasestorage.app\"}",
      "GCLOUD_PROJECT": "matheus-35023",
      "EVENTARC_CLOUD_EVENT_SOURCE": "projects/matheus-35023/locations/us-central1/services/proxyDeepSeek",
      "FUNCTION_TARGET": "proxyDeepSeek",
      "LOG_EXECUTION_ID": "true",
      "FUNCTION_SIGNATURE_TYPE": "http"
    },
    "codebase": "default",
    "runServiceId": "proxydeepseek",
    "cpu": 1,
    "securityLevel": "SECURE_ALWAYS",
    "targetedByOnly": false,
    "hash": "520a1cc7276375a4be3280a4948ed72722a3c721"
  },
  "op": "update",
  "original": {
    "name": "FirebaseError",
    "children": [],
    "exit": 1,
    "message": "Build failed with status: FAILURE and message: npm error code EUSAGE\nnpm error\nnpm error `npm ci` can only install packages when your package.json and package-lock.json or npm-shrinkwrap.json are in sync. Please update your lock file with `npm install` before continuing.\nnpm error\nnpm error Missing: dotenv@17.2.1 from lock file\nnpm error Invalid: lock file's firebase-functions@4.9.0 does not satisfy firebase-functions@6.4.0\nnpm error Missing: firebase-functions-test@3.4.1 from lock file\nnpm error Missing: jest@30.0.5 from lock file\nnpm error Missing: @types/lodash@4.17.20 from lock file\nnpm error Missing: lodash@4.17.21 from lock file\nnpm error Missing: ts-deepmerge@2.0.7 from lock file\nnpm error Missing: @jest/core@30.0.5 from lock file\nnpm error Missing: @jest/types@30.0.5 from lock file\nnpm error Missing: import-local@3.2.0 from lock file\nnpm error Missing: jest-cli@30.0.5 from lock file\nnpm error Missing: @jest/console@30.0.5 from lock file\nnpm error Missing: @jest/pattern@30.0.1 from lock file\nnpm error Missing: @jest/reporters@30.0.5 from lock file\nnpm error Missing: @jest/test-result@30.0.5 from lock file\nnpm error Missing: @jest/transform@30.0.5 from lock file\nnpm error Missing: ansi-escapes@4.3.2 from lock file\nnpm error Missing: chalk@4.1.2 from lock file\nnpm error Missing: ci-info@4.3.0 from lock file\nnpm error Missing: exit-x@0.2.2 from lock file\nnpm error Missing: graceful-fs@4.2.11 from lock file\nnpm error Missing: jest-changed-files@30.0.5 from lock file\nnpm error Missing: jest-config@30.0.5 from lock file\nnpm error Missing: jest-haste-map@30.0.5 from lock file\nnpm error Missing: jest-message-util@30.0.5 from lock file\nnpm error Missing: jest-regex-util@30.0.1 from lock file\nnpm error Missing: jest-resolve@30.0.5 from lock file\nnpm error Missing: jest-resolve-dependencies@30.0.5 from lock file\nnpm error Missing: jest-runner@30.0.5 from lock file\nnpm error Missing: jest-runtime@30.0.5 from lock file\nnpm error Missing: jest-snapshot@30.0.5 from lock file\nnpm error Missing: jest-util@30.0.5 from lock file\nnpm error Missing: jest-validate@30.0.5 from lock file\nnpm error Missing: jest-watcher@30.0.5 from lock file\nnpm error Missing: micromatch@4.0.8 from lock file\nnpm error Missing: pretty-format@30.0.5 from lock file\nnpm error Missing: slash@3.0.0 from lock file\nnpm error Missing: @bcoe/v8-coverage@0.2.3 from lock file\nnpm error Missing: @jridgewell/trace-mapping@0.3.29 from lock file\nnpm error Missing: collect-v8-coverage@1.0.2 from lock file\nnpm error Missing: glob@10.4.5 from lock file\nnpm error Missing: istanbul-lib-coverage@3.2.2 from lock file\nnpm error Missing: istanbul-lib-instrument@6.0.3 from lock file\nnpm error Missing: istanbul-lib-report@3.0.1 from lock file\nnpm error Missing: istanbul-lib-source-maps@5.0.6 from lock file\nnpm error Missing: istanbul-reports@3.1.7 from lock file\nnpm error Missing: jest-worker@30.0.5 from lock file\nnpm error Missing: string-length@4.0.2 from lock file\nnpm error Missing: v8-to-istanbul@9.3.0 from lock file\nnpm error Missing: @types/istanbul-lib-coverage@2.0.6 from lock file\nnpm error Missing: @babel/core@7.28.0 from lock file\nnpm error Missing: babel-plugin-istanbul@7.0.0 from lock file\nnpm error Missing: convert-source-map@2.0.0 from lock file\nnpm error Missing: fast-json-stable-stringify@2.1.0 from lock file\nnpm error Missing: pirates@4.0.7 from lock file\nnpm error Missing: write-file-atomic@5.0.1 from lock file\nnpm error Missing: @ampproject/remapping@2.3.0 from lock file\nnpm error Missing: @babel/code-frame@7.27.1 from lock file\nnpm error Missing: @babel/generator@7.28.0 from lock file\nnpm error Missing: @babel/helper-compilation-targets@7.27.2 from lock file\nnpm error Missing: @babel/helper-module-transforms@7.27.3 from lock file\nnpm error Missing: @babel/helpers@7.28.2 from lock file\nnpm error Missing: @babel/parser@7.28.0 from lock file\nnpm error Missing: @babel/template@7.27.2 from lock file\nnpm error Missing: @babel/traverse@7.28.0 from lock file\nnpm error Missing: @babel/types@7.28.2 from lock file\nnpm error Missing: debug@4.4.1 from lock file\nnpm error Missing: gensync@1.0.0-beta.2 from lock file\nnpm error Missing: json5@2.2.3 from lock file\nnpm error Missing: semver@6.3.1 from lock file\nnpm error Missing: @jridgewell/gen-mapping@0.3.12 from lock file\nnpm error Missing: @babel/helper-validator-identifier@7.27.1 from lock file\nnpm error Missing: js-tokens@4.0.0 from lock file\nnpm error Missing: picocolors@1.1.1 from lock file\nnpm error Missing: jsesc@3.1.0 from lock file\nnpm error Missing: @babel/compat-data@7.28.0 from lock file\nnpm error Missing: @babel/helper-validator-option@7.27.1 from lock file\nnpm error Missing: browserslist@4.25.1 from lock file\nnpm error Missing: lru-cache@5.1.1 from lock file\nnpm error Missing: @babel/helper-module-imports@7.27.1 from lock file\nnpm error Missing: @babel/helper-globals@7.28.0 from lock file\nnpm error Missing: debug@4.4.1 from lock file\nnpm error Missing: @babel/helper-string-parser@7.27.1 from lock file\nnpm error Missing: @jest/schemas@30.0.5 from lock file\nnpm error Missing: @types/istanbul-reports@3.0.4 from lock file\nnpm error Missing: @types/yargs@17.0.33 from lock file\nnpm error Missing: @sinclair/typebox@0.34.38 from lock file\nnpm error Missing: @jridgewell/sourcemap-codec@1.5.4 from lock file\nnpm error Missing: @jridgewell/resolve-uri@3.1.2 from lock file\nnpm error Missing: @types/istanbul-lib-report@3.0.3 from lock file\nnpm error Missing: @types/yargs-parser@21.0.3 from lock file\nnpm error Missing: type-fest@0.21.3 from lock file\nnpm error Missing: @babel/helper-plugin-utils@7.27.1 from lock file\nnpm error Missing: @istanbuljs/load-nyc-config@1.1.0 from lock file\nnpm error Missing: @istanbuljs/schema@0.1.3 from lock file\nnpm error Missing: test-exclude@6.0.0 from lock file\nnpm error Missing: camelcase@5.3.1 from lock file\nnpm error Missing: find-up@4.1.0 from lock file\nnpm error Missing: get-package-type@0.1.0 from lock file\nnpm error Missing: js-yaml@3.14.1 from lock file\nnpm error Missing: resolve-from@5.0.0 from lock file\nnpm error Missing: caniuse-lite@1.0.30001731 from lock file\nnpm error Missing: electron-to-chromium@1.5.195 from lock file\nnpm error Missing: node-releases@2.0.19 from lock file\nnpm error Missing: update-browserslist-db@1.1.3 from lock file\nnpm error Missing: supports-color@7.2.0 from lock file\nnpm error Missing: locate-path@5.0.0 from lock file\nnpm error Missing: path-exists@4.0.0 from lock file\nnpm error Missing: foreground-child@3.3.1 from lock file\nnpm error Missing: jackspeak@3.4.3 from lock file\nnpm error Missing: minimatch@9.0.5 from lock file\nnpm error Missing: minipass@7.1.2 from lock file\nnpm error Missing: package-json-from-dist@1.0.1 from lock file\nnpm error Missing: path-scurry@1.11.1 from lock file\nnpm error Missing: cross-spawn@7.0.6 from lock file\nnpm error Missing: signal-exit@4.1.0 from lock file\nnpm error Missing: path-key@3.1.1 from lock file\nnpm error Missing: shebang-command@2.0.0 from lock file\nnpm error Missing: which@2.0.2 from lock file\nnpm error Missing: pkg-dir@4.2.0 from lock file\nnpm error Missing: resolve-cwd@3.0.0 from lock file\nnpm error Missing: semver@7.7.2 from lock file\nnpm error Missing: make-dir@4.0.0 from lock file\nnpm error Missing: debug@4.4.1 from lock file\nnpm error Missing: html-escaper@2.0.2 from lock file\nnpm error Missing: @isaacs/cliui@8.0.2 from lock file\nnpm error Missing: @pkgjs/parseargs@0.11.0 from lock file\nnpm error Missing: string-width@5.1.2 from lock file\nnpm error Missing: string-width-cjs@4.2.3 from lock file\nnpm error Missing: strip-ansi@7.1.0 from lock file\nnpm error Missing: strip-ansi-cjs@6.0.1 from lock file\nnpm error Missing: wrap-ansi@8.1.0 from lock file\nnpm error Missing: wrap-ansi-cjs@7.0.0 from lock file\nnpm error Missing: execa@5.1.1 from lock file\nnpm error Missing: get-stream@6.0.1 from lock file\nnpm error Missing: human-signals@2.1.0 from lock file\nnpm error Missing: merge-stream@2.0.0 from lock file\nnpm error Missing: npm-run-path@4.0.1 from lock file\nnpm error Missing: onetime@5.1.2 from lock file\nnpm error Missing: signal-exit@3.0.7 from lock file\nnpm error Missing: strip-final-newline@2.0.0 from lock file\nnpm error Missing: @jest/get-type@30.0.1 from lock file\nnpm error Missing: @jest/test-sequencer@30.0.5 from lock file\nnpm error Missing: babel-jest@30.0.5 from lock file\nnpm error Missing: deepmerge@4.3.1 from lock file\nnpm error Missing: jest-circus@30.0.5 from lock file\nnpm error Missing: jest-docblock@30.0.1 from lock file\nnpm error Missing: jest-environment-node@30.0.5 from lock file\nnpm error Missing: parse-json@5.2.0 from lock file\nnpm error Missing: strip-json-comments@3.1.1 from lock file\nnpm error Missing: @types/babel__core@7.20.5 from lock file\nnpm error Missing: babel-preset-jest@30.0.1 from lock file\nnpm error Missing: @types/babel__generator@7.27.0 from lock file\nnpm error Missing: @types/babel__template@7.4.4 from lock file\nnpm error Missing: @types/babel__traverse@7.28.0 from lock file\nnpm error Missing: babel-plugin-jest-hoist@30.0.1 from lock file\nnpm error Missing: babel-preset-current-node-syntax@1.2.0 from lock file\nnpm error Missing: @babel/plugin-syntax-async-generators@7.8.4 from lock file\nnpm error Missing: @babel/plugin-syntax-bigint@7.8.3 from lock file\nnpm error Missing: @babel/plugin-syntax-class-properties@7.12.13 from lock file\nnpm error Missing: @babel/plugin-syntax-class-static-block@7.14.5 from lock file\nnpm error Missing: @babel/plugin-syntax-import-attributes@7.27.1 from lock file\nnpm error Missing: @babel/plugin-syntax-import-meta@7.10.4 from lock file\nnpm error Missing: @babel/plugin-syntax-json-strings@7.8.3 from lock file\nnpm error Missing: @babel/plugin-syntax-logical-assignment-operators@7.10.4 from lock file\nnpm error Missing: @babel/plugin-syntax-nullish-coalescing-operator@7.8.3 from lock file\nnpm error Missing: @babel/plugin-syntax-numeric-separator@7.10.4 from lock file\nnpm error Missing: @babel/plugin-syntax-object-rest-spread@7.8.3 from lock file\nnpm error Missing: @babel/plugin-syntax-optional-catch-binding@7.8.3 from lock file\nnpm error Missing: @babel/plugin-syntax-optional-chaining@7.8.3 from lock file\nnpm error Missing: @babel/plugin-syntax-private-property-in-object@7.14.5 from lock file\nnpm error Missing: @babel/plugin-syntax-top-level-await@7.14.5 from lock file\nnpm error Missing: @jest/environment@30.0.5 from lock file\nnpm error Missing: @jest/expect@30.0.5 from lock file\nnpm error Missing: co@4.6.0 from lock file\nnpm error Missing: dedent@1.6.0 from lock file\nnpm error Missing: is-generator-fn@2.1.0 from lock file\nnpm error Missing: jest-each@30.0.5 from lock file\nnpm error Missing: jest-matcher-utils@30.0.5 from lock file\nnpm error Missing: pure-rand@7.0.1 from lock file\nnpm error Missing: stack-utils@2.0.6 from lock file\nnpm error Missing: @jest/fake-timers@30.0.5 from lock file\nnpm error Missing: jest-mock@30.0.5 from lock file\nnpm error Missing: expect@30.0.5 from lock file\nnpm error Missing: @sinonjs/fake-timers@13.0.5 from lock file\nnpm error Missing: @sinonjs/commons@3.0.1 from lock file\nnpm error Missing: type-detect@4.0.8 from lock file\nnpm error Missing: @jest/expect-utils@30.0.5 from lock file\nnpm error Missing: detect-newline@3.1.0 from lock file\nnpm error Missing: anymatch@3.1.3 from lock file\nnpm error Missing: fb-watchman@2.0.2 from lock file\nnpm error Missing: fsevents@2.3.3 from lock file\nnpm error Missing: walker@1.0.8 from lock file\nnpm error Missing: normalize-path@3.0.0 from lock file\nnpm error Missing: picomatch@2.3.1 from lock file\nnpm error Missing: bser@2.1.1 from lock file\nnpm error Missing: node-int64@0.4.0 from lock file\nnpm error Missing: jest-diff@30.0.5 from lock file\nnpm error Missing: @jest/diff-sequences@30.0.1 from lock file\nnpm error Missing: @types/stack-utils@2.0.3 from lock file\nnpm error Missing: jest-pnp-resolver@1.2.3 from lock file\nnpm error Missing: unrs-resolver@1.11.1 from lock file\nnpm error Missing: emittery@0.13.1 from lock file\nnpm error Missing: jest-leak-detector@30.0.5 from lock file\nnpm error Missing: source-map-support@0.5.13 from lock file\nnpm error Missing: @jest/globals@30.0.5 from lock file\nnpm error Missing: @jest/source-map@30.0.1 from lock file\nnpm error Missing: cjs-module-lexer@2.1.0 from lock file\nnpm error Missing: strip-bom@4.0.0 from lock file\nnpm error Missing: callsites@3.1.0 from lock file\nnpm error Missing: @babel/plugin-syntax-jsx@7.27.1 from lock file\nnpm error Missing: @babel/plugin-syntax-typescript@7.27.1 from lock file\nnpm error Missing: @jest/snapshot-utils@30.0.5 from lock file\nnpm error Missing: semver@7.7.2 from lock file\nnpm error Missing: synckit@0.11.11 from lock file\nnpm error Missing: natural-compare@1.4.0 from lock file\nnpm error Missing: picomatch@4.0.3 from lock file\nnpm error Missing: camelcase@6.3.0 from lock file\nnpm error Missing: leven@3.1.0 from lock file\nnpm error Missing: @ungap/structured-clone@1.3.0 from lock file\nnpm error Missing: supports-color@8.1.1 from lock file\nnpm error Missing: argparse@1.0.10 from lock file\nnpm error Missing: esprima@4.0.1 from lock file\nnpm error Missing: sprintf-js@1.0.3 from lock file\nnpm error Missing: p-locate@4.1.0 from lock file\nnpm error Missing: yallist@3.1.1 from lock file\nnpm error Missing: semver@7.7.2 from lock file\nnpm error Missing: braces@3.0.3 from lock file\nnpm error Missing: fill-range@7.1.1 from lock file\nnpm error Missing: to-regex-range@5.0.1 from lock file\nnpm error Missing: brace-expansion@2.0.2 from lock file\nnpm error Missing: balanced-match@1.0.2 from lock file\nnpm error Missing: mimic-fn@2.1.0 from lock file\nnpm error Missing: p-limit@2.3.0 from lock file\nnpm error Missing: error-ex@1.3.2 from lock file\nnpm error Missing: json-parse-even-better-errors@2.3.1 from lock file\nnpm error Missing: lines-and-columns@1.2.4 from lock file\nnpm error Missing: is-arrayish@0.2.1 from lock file\nnpm error Missing: lru-cache@10.4.3 from lock file\nnpm error Missing: ansi-styles@5.2.0 from lock file\nnpm error Missing: react-is@18.3.1 from lock file\nnpm error Missing: shebang-regex@3.0.0 from lock file\nnpm error Missing: buffer-from@1.1.2 from lock file\nnpm error Missing: source-map@0.6.1 from lock file\nnpm error Missing: escape-string-regexp@2.0.0 from lock file\nnpm error Missing: char-regex@1.0.2 from lock file\nnpm error Missing: strip-ansi@6.0.1 from lock file\nnpm error Missing: eastasianwidth@0.2.0 from lock file\nnpm error Missing: emoji-regex@9.2.2 from lock file\nnpm error Missing: emoji-regex@8.0.0 from lock file\nnpm error Missing: strip-ansi@6.0.1 from lock file\nnpm error Missing: ansi-regex@6.1.0 from lock file\nnpm error Missing: ansi-regex@5.0.1 from lock file\nnpm error Missing: has-flag@4.0.0 from lock file\nnpm error Missing: @pkgr/core@0.2.9 from lock file\nnpm error Missing: glob@7.2.3 from lock file\nnpm error Missing: minimatch@3.1.2 from lock file\nnpm error Missing: is-number@7.0.0 from lock file\nnpm error Missing: @unrs/resolver-binding-android-arm-eabi@1.11.1 from lock file\nnpm error Missing: @unrs/resolver-binding-android-arm64@1.11.1 from lock file\nnpm error Missing: @unrs/resolver-binding-darwin-arm64@1.11.1 from lock file\nnpm error Missing: @unrs/resolver-binding-darwin-x64@1.11.1 from lock file\nnpm error Missing: @unrs/resolver-binding-freebsd-x64@1.11.1 from lock file\nnpm error Missing: @unrs/resolver-binding-linux-arm-gnueabihf@1.11.1 from lock file\nnpm error Missing: @unrs/resolver-binding-linux-arm-musleabihf@1.11.1 from lock file\nnpm error Missing: @unrs/resolver-binding-linux-arm64-gnu@1.11.1 from lock file\nnpm error Missing: @unrs/resolver-binding-linux-arm64-musl@1.11.1 from lock file\nnpm error Missing: @unrs/resolver-binding-linux-ppc64-gnu@1.11.1 from lock file\nnpm error Missing: @unrs/resolver-binding-linux-riscv64-gnu@1.11.1 from lock file\nnpm error Missing: @unrs/resolver-binding-linux-riscv64-musl@1.11.1 from lock file\nnpm error Missing: @unrs/resolver-binding-linux-s390x-gnu@1.11.1 from lock file\nnpm error Missing: @unrs/resolver-binding-linux-x64-gnu@1.11.1 from lock file\nnpm error Missing: @unrs/resolver-binding-linux-x64-musl@1.11.1 from lock file\nnpm error Missing: @unrs/resolver-binding-wasm32-wasi@1.11.1 from lock file\nnpm error Missing: @unrs/resolver-binding-win32-arm64-msvc@1.11.1 from lock file\nnpm error Missing: @unrs/resolver-binding-win32-ia32-msvc@1.11.1 from lock file\nnpm error Missing: @unrs/resolver-binding-win32-x64-msvc@1.11.1 from lock file\nnpm error Missing: napi-postinstall@0.3.2 from lock file\nnpm error Missing: @napi-rs/wasm-runtime@0.2.12 from lock file\nnpm error Missing: @emnapi/core@1.4.5 from lock file\nnpm error Missing: @emnapi/runtime@1.4.5 from lock file\nnpm error Missing: @tybys/wasm-util@0.10.0 from lock file\nnpm error Missing: @emnapi/wasi-threads@1.0.4 from lock file\nnpm error Missing: makeerror@1.0.12 from lock file\nnpm error Missing: tmpl@1.0.5 from lock file\nnpm error Missing: isexe@2.0.0 from lock file\nnpm error Missing: ansi-styles@6.2.1 from lock file\nnpm error Missing: string-width@4.2.3 from lock file\nnpm error Missing: strip-ansi@6.0.1 from lock file\nnpm error Missing: imurmurhash@0.1.4 from lock file\nnpm error Missing: ms@2.1.3 from lock file\nnpm error Missing: ms@2.1.3 from lock file\nnpm error Missing: ms@2.1.3 from lock file\nnpm error Missing: p-try@2.2.0 from lock file\nnpm error Missing: ansi-regex@5.0.1 from lock file\nnpm error Missing: ansi-regex@5.0.1 from lock file\nnpm error Missing: fs.realpath@1.0.0 from lock file\nnpm error Missing: inflight@1.0.6 from lock file\nnpm error Missing: path-is-absolute@1.0.1 from lock file\nnpm error Missing: brace-expansion@1.1.12 from lock file\nnpm error Missing: concat-map@0.0.1 from lock file\nnpm error Missing: emoji-regex@8.0.0 from lock file\nnpm error Missing: ansi-regex@5.0.1 from lock file\nnpm error\nnpm error Clean install a project\nnpm error\nnpm error Usage:\nnpm error npm ci\nnpm error\nnpm error Options:\nnpm error [--install-strategy <hoisted|nested|shallow|linked>] [--legacy-bundling]\nnpm error [--global-style] [--omit <dev|optional|peer> [--omit <dev|optional|peer> ...]]\nnpm error [--include <prod|dev|optional|peer> [--include <prod|dev|optional|peer> ...]]\nnpm error [--strict-peer-deps] [--foreground-scripts] [--ignore-scripts] [--no-audit]\nnpm error [--no-bin-links] [--no-fund] [--dry-run]\nnpm error [-w|--workspace <workspace-name> [-w|--workspace <workspace-name> ...]]\nnpm error [-ws|--workspaces] [--include-workspace-root] [--install-links]\nnpm error\nnpm error aliases: clean-install, ic, install-clean, isntall-clean\nnpm error\nnpm error Run \"npm help ci\" for more info\nnpm error A complete log of this run can be found in: /www-data-home/.npm/_logs/2025-08-05T00_44_25_708Z-debug-0.log. For more details see the logs at https://console.cloud.google.com/cloud-build/builds;region=us-central1/9fa99cc7-f1dc-47a1-a6ef-9f3c5ad7594a?project=1011113149395.",
    "original": {
      "code": 3,
      "message": "Build failed with status: FAILURE and message: npm error code EUSAGE\nnpm error\nnpm error `npm ci` can only install packages when your package.json and package-lock.json or npm-shrinkwrap.json are in sync. Please update your lock file with `npm install` before continuing.\nnpm error\nnpm error Missing: dotenv@17.2.1 from lock file\nnpm error Invalid: lock file's firebase-functions@4.9.0 does not satisfy firebase-functions@6.4.0\nnpm error Missing: firebase-functions-test@3.4.1 from lock file\nnpm error Missing: jest@30.0.5 from lock file\nnpm error Missing: @types/lodash@4.17.20 from lock file\nnpm error Missing: lodash@4.17.21 from lock file\nnpm error Missing: ts-deepmerge@2.0.7 from lock file\nnpm error Missing: @jest/core@30.0.5 from lock file\nnpm error Missing: @jest/types@30.0.5 from lock file\nnpm error Missing: import-local@3.2.0 from lock file\nnpm error Missing: jest-cli@30.0.5 from lock file\nnpm error Missing: @jest/console@30.0.5 from lock file\nnpm error Missing: @jest/pattern@30.0.1 from lock file\nnpm error Missing: @jest/reporters@30.0.5 from lock file\nnpm error Missing: @jest/test-result@30.0.5 from lock file\nnpm error Missing: @jest/transform@30.0.5 from lock file\nnpm error Missing: ansi-escapes@4.3.2 from lock file\nnpm error Missing: chalk@4.1.2 from lock file\nnpm error Missing: ci-info@4.3.0 from lock file\nnpm error Missing: exit-x@0.2.2 from lock file\nnpm error Missing: graceful-fs@4.2.11 from lock file\nnpm error Missing: jest-changed-files@30.0.5 from lock file\nnpm error Missing: jest-config@30.0.5 from lock file\nnpm error Missing: jest-haste-map@30.0.5 from lock file\nnpm error Missing: jest-message-util@30.0.5 from lock file\nnpm error Missing: jest-regex-util@30.0.1 from lock file\nnpm error Missing: jest-resolve@30.0.5 from lock file\nnpm error Missing: jest-resolve-dependencies@30.0.5 from lock file\nnpm error Missing: jest-runner@30.0.5 from lock file\nnpm error Missing: jest-runtime@30.0.5 from lock file\nnpm error Missing: jest-snapshot@30.0.5 from lock file\nnpm error Missing: jest-util@30.0.5 from lock file\nnpm error Missing: jest-validate@30.0.5 from lock file\nnpm error Missing: jest-watcher@30.0.5 from lock file\nnpm error Missing: micromatch@4.0.8 from lock file\nnpm error Missing: pretty-format@30.0.5 from lock file\nnpm error Missing: slash@3.0.0 from lock file\nnpm error Missing: @bcoe/v8-coverage@0.2.3 from lock file\nnpm error Missing: @jridgewell/trace-mapping@0.3.29 from lock file\nnpm error Missing: collect-v8-coverage@1.0.2 from lock file\nnpm error Missing: glob@10.4.5 from lock file\nnpm error Missing: istanbul-lib-coverage@3.2.2 from lock file\nnpm error Missing: istanbul-lib-instrument@6.0.3 from lock file\nnpm error Missing: istanbul-lib-report@3.0.1 from lock file\nnpm error Missing: istanbul-lib-source-maps@5.0.6 from lock file\nnpm error Missing: istanbul-reports@3.1.7 from lock file\nnpm error Missing: jest-worker@30.0.5 from lock file\nnpm error Missing: string-length@4.0.2 from lock file\nnpm error Missing: v8-to-istanbul@9.3.0 from lock file\nnpm error Missing: @types/istanbul-lib-coverage@2.0.6 from lock file\nnpm error Missing: @babel/core@7.28.0 from lock file\nnpm error Missing: babel-plugin-istanbul@7.0.0 from lock file\nnpm error Missing: convert-source-map@2.0.0 from lock file\nnpm error Missing: fast-json-stable-stringify@2.1.0 from lock file\nnpm error Missing: pirates@4.0.7 from lock file\nnpm error Missing: write-file-atomic@5.0.1 from lock file\nnpm error Missing: @ampproject/remapping@2.3.0 from lock file\nnpm error Missing: @babel/code-frame@7.27.1 from lock file\nnpm error Missing: @babel/generator@7.28.0 from lock file\nnpm error Missing: @babel/helper-compilation-targets@7.27.2 from lock file\nnpm error Missing: @babel/helper-module-transforms@7.27.3 from lock file\nnpm error Missing: @babel/helpers@7.28.2 from lock file\nnpm error Missing: @babel/parser@7.28.0 from lock file\nnpm error Missing: @babel/template@7.27.2 from lock file\nnpm error Missing: @babel/traverse@7.28.0 from lock file\nnpm error Missing: @babel/types@7.28.2 from lock file\nnpm error Missing: debug@4.4.1 from lock file\nnpm error Missing: gensync@1.0.0-beta.2 from lock file\nnpm error Missing: json5@2.2.3 from lock file\nnpm error Missing: semver@6.3.1 from lock file\nnpm error Missing: @jridgewell/gen-mapping@0.3.12 from lock file\nnpm error Missing: @babel/helper-validator-identifier@7.27.1 from lock file\nnpm error Missing: js-tokens@4.0.0 from lock file\nnpm error Missing: picocolors@1.1.1 from lock file\nnpm error Missing: jsesc@3.1.0 from lock file\nnpm error Missing: @babel/compat-data@7.28.0 from lock file\nnpm error Missing: @babel/helper-validator-option@7.27.1 from lock file\nnpm error Missing: browserslist@4.25.1 from lock file\nnpm error Missing: lru-cache@5.1.1 from lock file\nnpm error Missing: @babel/helper-module-imports@7.27.1 from lock file\nnpm error Missing: @babel/helper-globals@7.28.0 from lock file\nnpm error Missing: debug@4.4.1 from lock file\nnpm error Missing: @babel/helper-string-parser@7.27.1 from lock file\nnpm error Missing: @jest/schemas@30.0.5 from lock file\nnpm error Missing: @types/istanbul-reports@3.0.4 from lock file\nnpm error Missing: @types/yargs@17.0.33 from lock file\nnpm error Missing: @sinclair/typebox@0.34.38 from lock file\nnpm error Missing: @jridgewell/sourcemap-codec@1.5.4 from lock file\nnpm error Missing: @jridgewell/resolve-uri@3.1.2 from lock file\nnpm error Missing: @types/istanbul-lib-report@3.0.3 from lock file\nnpm error Missing: @types/yargs-parser@21.0.3 from lock file\nnpm error Missing: type-fest@0.21.3 from lock file\nnpm error Missing: @babel/helper-plugin-utils@7.27.1 from lock file\nnpm error Missing: @istanbuljs/load-nyc-config@1.1.0 from lock file\nnpm error Missing: @istanbuljs/schema@0.1.3 from lock file\nnpm error Missing: test-exclude@6.0.0 from lock file\nnpm error Missing: camelcase@5.3.1 from lock file\nnpm error Missing: find-up@4.1.0 from lock file\nnpm error Missing: get-package-type@0.1.0 from lock file\nnpm error Missing: js-yaml@3.14.1 from lock file\nnpm error Missing: resolve-from@5.0.0 from lock file\nnpm error Missing: caniuse-lite@1.0.30001731 from lock file\nnpm error Missing: electron-to-chromium@1.5.195 from lock file\nnpm error Missing: node-releases@2.0.19 from lock file\nnpm error Missing: update-browserslist-db@1.1.3 from lock file\nnpm error Missing: supports-color@7.2.0 from lock file\nnpm error Missing: locate-path@5.0.0 from lock file\nnpm error Missing: path-exists@4.0.0 from lock file\nnpm error Missing: foreground-child@3.3.1 from lock file\nnpm error Missing: jackspeak@3.4.3 from lock file\nnpm error Missing: minimatch@9.0.5 from lock file\nnpm error Missing: minipass@7.1.2 from lock file\nnpm error Missing: package-json-from-dist@1.0.1 from lock file\nnpm error Missing: path-scurry@1.11.1 from lock file\nnpm error Missing: cross-spawn@7.0.6 from lock file\nnpm error Missing: signal-exit@4.1.0 from lock file\nnpm error Missing: path-key@3.1.1 from lock file\nnpm error Missing: shebang-command@2.0.0 from lock file\nnpm error Missing: which@2.0.2 from lock file\nnpm error Missing: pkg-dir@4.2.0 from lock file\nnpm error Missing: resolve-cwd@3.0.0 from lock file\nnpm error Missing: semver@7.7.2 from lock file\nnpm error Missing: make-dir@4.0.0 from lock file\nnpm error Missing: debug@4.4.1 from lock file\nnpm error Missing: html-escaper@2.0.2 from lock file\nnpm error Missing: @isaacs/cliui@8.0.2 from lock file\nnpm error Missing: @pkgjs/parseargs@0.11.0 from lock file\nnpm error Missing: string-width@5.1.2 from lock file\nnpm error Missing: string-width-cjs@4.2.3 from lock file\nnpm error Missing: strip-ansi@7.1.0 from lock file\nnpm error Missing: strip-ansi-cjs@6.0.1 from lock file\nnpm error Missing: wrap-ansi@8.1.0 from lock file\nnpm error Missing: wrap-ansi-cjs@7.0.0 from lock file\nnpm error Missing: execa@5.1.1 from lock file\nnpm error Missing: get-stream@6.0.1 from lock file\nnpm error Missing: human-signals@2.1.0 from lock file\nnpm error Missing: merge-stream@2.0.0 from lock file\nnpm error Missing: npm-run-path@4.0.1 from lock file\nnpm error Missing: onetime@5.1.2 from lock file\nnpm error Missing: signal-exit@3.0.7 from lock file\nnpm error Missing: strip-final-newline@2.0.0 from lock file\nnpm error Missing: @jest/get-type@30.0.1 from lock file\nnpm error Missing: @jest/test-sequencer@30.0.5 from lock file\nnpm error Missing: babel-jest@30.0.5 from lock file\nnpm error Missing: deepmerge@4.3.1 from lock file\nnpm error Missing: jest-circus@30.0.5 from lock file\nnpm error Missing: jest-docblock@30.0.1 from lock file\nnpm error Missing: jest-environment-node@30.0.5 from lock file\nnpm error Missing: parse-json@5.2.0 from lock file\nnpm error Missing: strip-json-comments@3.1.1 from lock file\nnpm error Missing: @types/babel__core@7.20.5 from lock file\nnpm error Missing: babel-preset-jest@30.0.1 from lock file\nnpm error Missing: @types/babel__generator@7.27.0 from lock file\nnpm error Missing: @types/babel__template@7.4.4 from lock file\nnpm error Missing: @types/babel__traverse@7.28.0 from lock file\nnpm error Missing: babel-plugin-jest-hoist@30.0.1 from lock file\nnpm error Missing: babel-preset-current-node-syntax@1.2.0 from lock file\nnpm error Missing: @babel/plugin-syntax-async-generators@7.8.4 from lock file\nnpm error Missing: @babel/plugin-syntax-bigint@7.8.3 from lock file\nnpm error Missing: @babel/plugin-syntax-class-properties@7.12.13 from lock file\nnpm error Missing: @babel/plugin-syntax-class-static-block@7.14.5 from lock file\nnpm error Missing: @babel/plugin-syntax-import-attributes@7.27.1 from lock file\nnpm error Missing: @babel/plugin-syntax-import-meta@7.10.4 from lock file\nnpm error Missing: @babel/plugin-syntax-json-strings@7.8.3 from lock file\nnpm error Missing: @babel/plugin-syntax-logical-assignment-operators@7.10.4 from lock file\nnpm error Missing: @babel/plugin-syntax-nullish-coalescing-operator@7.8.3 from lock file\nnpm error Missing: @babel/plugin-syntax-numeric-separator@7.10.4 from lock file\nnpm error Missing: @babel/plugin-syntax-object-rest-spread@7.8.3 from lock file\nnpm error Missing: @babel/plugin-syntax-optional-catch-binding@7.8.3 from lock file\nnpm error Missing: @babel/plugin-syntax-optional-chaining@7.8.3 from lock file\nnpm error Missing: @babel/plugin-syntax-private-property-in-object@7.14.5 from lock file\nnpm error Missing: @babel/plugin-syntax-top-level-await@7.14.5 from lock file\nnpm error Missing: @jest/environment@30.0.5 from lock file\nnpm error Missing: @jest/expect@30.0.5 from lock file\nnpm error Missing: co@4.6.0 from lock file\nnpm error Missing: dedent@1.6.0 from lock file\nnpm error Missing: is-generator-fn@2.1.0 from lock file\nnpm error Missing: jest-each@30.0.5 from lock file\nnpm error Missing: jest-matcher-utils@30.0.5 from lock file\nnpm error Missing: pure-rand@7.0.1 from lock file\nnpm error Missing: stack-utils@2.0.6 from lock file\nnpm error Missing: @jest/fake-timers@30.0.5 from lock file\nnpm error Missing: jest-mock@30.0.5 from lock file\nnpm error Missing: expect@30.0.5 from lock file\nnpm error Missing: @sinonjs/fake-timers@13.0.5 from lock file\nnpm error Missing: @sinonjs/commons@3.0.1 from lock file\nnpm error Missing: type-detect@4.0.8 from lock file\nnpm error Missing: @jest/expect-utils@30.0.5 from lock file\nnpm error Missing: detect-newline@3.1.0 from lock file\nnpm error Missing: anymatch@3.1.3 from lock file\nnpm error Missing: fb-watchman@2.0.2 from lock file\nnpm error Missing: fsevents@2.3.3 from lock file\nnpm error Missing: walker@1.0.8 from lock file\nnpm error Missing: normalize-path@3.0.0 from lock file\nnpm error Missing: picomatch@2.3.1 from lock file\nnpm error Missing: bser@2.1.1 from lock file\nnpm error Missing: node-int64@0.4.0 from lock file\nnpm error Missing: jest-diff@30.0.5 from lock file\nnpm error Missing: @jest/diff-sequences@30.0.1 from lock file\nnpm error Missing: @types/stack-utils@2.0.3 from lock file\nnpm error Missing: jest-pnp-resolver@1.2.3 from lock file\nnpm error Missing: unrs-resolver@1.11.1 from lock file\nnpm error Missing: emittery@0.13.1 from lock file\nnpm error Missing: jest-leak-detector@30.0.5 from lock file\nnpm error Missing: source-map-support@0.5.13 from lock file\nnpm error Missing: @jest/globals@30.0.5 from lock file\nnpm error Missing: @jest/source-map@30.0.1 from lock file\nnpm error Missing: cjs-module-lexer@2.1.0 from lock file\nnpm error Missing: strip-bom@4.0.0 from lock file\nnpm error Missing: callsites@3.1.0 from lock file\nnpm error Missing: @babel/plugin-syntax-jsx@7.27.1 from lock file\nnpm error Missing: @babel/plugin-syntax-typescript@7.27.1 from lock file\nnpm error Missing: @jest/snapshot-utils@30.0.5 from lock file\nnpm error Missing: semver@7.7.2 from lock file\nnpm error Missing: synckit@0.11.11 from lock file\nnpm error Missing: natural-compare@1.4.0 from lock file\nnpm error Missing: picomatch@4.0.3 from lock file\nnpm error Missing: camelcase@6.3.0 from lock file\nnpm error Missing: leven@3.1.0 from lock file\nnpm error Missing: @ungap/structured-clone@1.3.0 from lock file\nnpm error Missing: supports-color@8.1.1 from lock file\nnpm error Missing: argparse@1.0.10 from lock file\nnpm error Missing: esprima@4.0.1 from lock file\nnpm error Missing: sprintf-js@1.0.3 from lock file\nnpm error Missing: p-locate@4.1.0 from lock file\nnpm error Missing: yallist@3.1.1 from lock file\nnpm error Missing: semver@7.7.2 from lock file\nnpm error Missing: braces@3.0.3 from lock file\nnpm error Missing: fill-range@7.1.1 from lock file\nnpm error Missing: to-regex-range@5.0.1 from lock file\nnpm error Missing: brace-expansion@2.0.2 from lock file\nnpm error Missing: balanced-match@1.0.2 from lock file\nnpm error Missing: mimic-fn@2.1.0 from lock file\nnpm error Missing: p-limit@2.3.0 from lock file\nnpm error Missing: error-ex@1.3.2 from lock file\nnpm error Missing: json-parse-even-better-errors@2.3.1 from lock file\nnpm error Missing: lines-and-columns@1.2.4 from lock file\nnpm error Missing: is-arrayish@0.2.1 from lock file\nnpm error Missing: lru-cache@10.4.3 from lock file\nnpm error Missing: ansi-styles@5.2.0 from lock file\nnpm error Missing: react-is@18.3.1 from lock file\nnpm error Missing: shebang-regex@3.0.0 from lock file\nnpm error Missing: buffer-from@1.1.2 from lock file\nnpm error Missing: source-map@0.6.1 from lock file\nnpm error Missing: escape-string-regexp@2.0.0 from lock file\nnpm error Missing: char-regex@1.0.2 from lock file\nnpm error Missing: strip-ansi@6.0.1 from lock file\nnpm error Missing: eastasianwidth@0.2.0 from lock file\nnpm error Missing: emoji-regex@9.2.2 from lock file\nnpm error Missing: emoji-regex@8.0.0 from lock file\nnpm error Missing: strip-ansi@6.0.1 from lock file\nnpm error Missing: ansi-regex@6.1.0 from lock file\nnpm error Missing: ansi-regex@5.0.1 from lock file\nnpm error Missing: has-flag@4.0.0 from lock file\nnpm error Missing: @pkgr/core@0.2.9 from lock file\nnpm error Missing: glob@7.2.3 from lock file\nnpm error Missing: minimatch@3.1.2 from lock file\nnpm error Missing: is-number@7.0.0 from lock file\nnpm error Missing: @unrs/resolver-binding-android-arm-eabi@1.11.1 from lock file\nnpm error Missing: @unrs/resolver-binding-android-arm64@1.11.1 from lock file\nnpm error Missing: @unrs/resolver-binding-darwin-arm64@1.11.1 from lock file\nnpm error Missing: @unrs/resolver-binding-darwin-x64@1.11.1 from lock file\nnpm error Missing: @unrs/resolver-binding-freebsd-x64@1.11.1 from lock file\nnpm error Missing: @unrs/resolver-binding-linux-arm-gnueabihf@1.11.1 from lock file\nnpm error Missing: @unrs/resolver-binding-linux-arm-musleabihf@1.11.1 from lock file\nnpm error Missing: @unrs/resolver-binding-linux-arm64-gnu@1.11.1 from lock file\nnpm error Missing: @unrs/resolver-binding-linux-arm64-musl@1.11.1 from lock file\nnpm error Missing: @unrs/resolver-binding-linux-ppc64-gnu@1.11.1 from lock file\nnpm error Missing: @unrs/resolver-binding-linux-riscv64-gnu@1.11.1 from lock file\nnpm error Missing: @unrs/resolver-binding-linux-riscv64-musl@1.11.1 from lock file\nnpm error Missing: @unrs/resolver-binding-linux-s390x-gnu@1.11.1 from lock file\nnpm error Missing: @unrs/resolver-binding-linux-x64-gnu@1.11.1 from lock file\nnpm error Missing: @unrs/resolver-binding-linux-x64-musl@1.11.1 from lock file\nnpm error Missing: @unrs/resolver-binding-wasm32-wasi@1.11.1 from lock file\nnpm error Missing: @unrs/resolver-binding-win32-arm64-msvc@1.11.1 from lock file\nnpm error Missing: @unrs/resolver-binding-win32-ia32-msvc@1.11.1 from lock file\nnpm error Missing: @unrs/resolver-binding-win32-x64-msvc@1.11.1 from lock file\nnpm error Missing: napi-postinstall@0.3.2 from lock file\nnpm error Missing: @napi-rs/wasm-runtime@0.2.12 from lock file\nnpm error Missing: @emnapi/core@1.4.5 from lock file\nnpm error Missing: @emnapi/runtime@1.4.5 from lock file\nnpm error Missing: @tybys/wasm-util@0.10.0 from lock file\nnpm error Missing: @emnapi/wasi-threads@1.0.4 from lock file\nnpm error Missing: makeerror@1.0.12 from lock file\nnpm error Missing: tmpl@1.0.5 from lock file\nnpm error Missing: isexe@2.0.0 from lock file\nnpm error Missing: ansi-styles@6.2.1 from lock file\nnpm error Missing: string-width@4.2.3 from lock file\nnpm error Missing: strip-ansi@6.0.1 from lock file\nnpm error Missing: imurmurhash@0.1.4 from lock file\nnpm error Missing: ms@2.1.3 from lock file\nnpm error Missing: ms@2.1.3 from lock file\nnpm error Missing: ms@2.1.3 from lock file\nnpm error Missing: p-try@2.2.0 from lock file\nnpm error Missing: ansi-regex@5.0.1 from lock file\nnpm error Missing: ansi-regex@5.0.1 from lock file\nnpm error Missing: fs.realpath@1.0.0 from lock file\nnpm error Missing: inflight@1.0.6 from lock file\nnpm error Missing: path-is-absolute@1.0.1 from lock file\nnpm error Missing: brace-expansion@1.1.12 from lock file\nnpm error Missing: concat-map@0.0.1 from lock file\nnpm error Missing: emoji-regex@8.0.0 from lock file\nnpm error Missing: ansi-regex@5.0.1 from lock file\nnpm error\nnpm error Clean install a project\nnpm error\nnpm error Usage:\nnpm error npm ci\nnpm error\nnpm error Options:\nnpm error [--install-strategy <hoisted|nested|shallow|linked>] [--legacy-bundling]\nnpm error [--global-style] [--omit <dev|optional|peer> [--omit <dev|optional|peer> ...]]\nnpm error [--include <prod|dev|optional|peer> [--include <prod|dev|optional|peer> ...]]\nnpm error [--strict-peer-deps] [--foreground-scripts] [--ignore-scripts] [--no-audit]\nnpm error [--no-bin-links] [--no-fund] [--dry-run]\nnpm error [-w|--workspace <workspace-name> [-w|--workspace <workspace-name> ...]]\nnpm error [-ws|--workspaces] [--include-workspace-root] [--install-links]\nnpm error\nnpm error aliases: clean-install, ic, install-clean, isntall-clean\nnpm error\nnpm error Run \"npm help ci\" for more info\nnpm error A complete log of this run can be found in: /www-data-home/.npm/_logs/2025-08-05T00_44_25_708Z-debug-0.log. For more details see the logs at https://console.cloud.google.com/cloud-build/builds;region=us-central1/9fa99cc7-f1dc-47a1-a6ef-9f3c5ad7594a?project=1011113149395."
    },
    "status": 3,
    "code": 3
  }
}
[debug] [2025-08-05T00:45:06.781Z] Error: Failed to update function proxyDeepSeek in region us-central1
    at C:\Users\Usuario\AppData\Roaming\npm\node_modules\firebase-tools\lib\deploy\functions\release\fabricator.js:399:19
    at process.processTicksAndRejections (node:internal/process/task_queues:105:5)
    at async Fabricator.updateV2Function (C:\Users\Usuario\AppData\Roaming\npm\node_modules\firebase-tools\lib\deploy\functions\release\fabricator.js:388:32)
    at async Fabricator.updateEndpoint (C:\Users\Usuario\AppData\Roaming\npm\node_modules\firebase-tools\lib\deploy\functions\release\fabricator.js:155:13)
    at async handle (C:\Users\Usuario\AppData\Roaming\npm\node_modules\firebase-tools\lib\deploy\functions\release\fabricator.js:89:17)
[error] 
[error] Error: There was an error deploying functions
